24-abr-2017 09:00:55 INFO  com.apptriggergenerator.triggergenerator.utils.dlgDataBaseConnection.main : Initializing Application ...
24-abr-2017 09:17:13 INFO  com.apptriggergenerator.triggergenerator.utils.dlgDataBaseConnection.main : Initializing Application ...
24-abr-2017 09:17:26 ERROR com.apptriggergenerator.listcontrollers.utils.ConfigManager.printException : Exception found : Access denied for user 'root'@'192.168.2.110' (using password: YES)
24-abr-2017 09:17:26 ERROR com.apptriggergenerator.listcontrollers.utils.ConfigManager.printException : Cause : null
24-abr-2017 09:17:26 ERROR com.apptriggergenerator.listcontrollers.utils.ConfigManager.printException : Message : Access denied for user 'root'@'192.168.2.110' (using password: YES)
24-abr-2017 09:17:26 ERROR com.apptriggergenerator.listcontrollers.utils.ConfigManager.printException : ***********************
24-abr-2017 09:17:26 ERROR com.apptriggergenerator.listcontrollers.utils.ConfigManager.printException : com.mysql.jdbc.SQLError.createSQLException(SQLError.java:1073)
24-abr-2017 09:17:26 ERROR com.apptriggergenerator.listcontrollers.utils.ConfigManager.printException : com.mysql.jdbc.MysqlIO.checkErrorPacket(MysqlIO.java:3597)
24-abr-2017 09:17:26 ERROR com.apptriggergenerator.listcontrollers.utils.ConfigManager.printException : com.mysql.jdbc.MysqlIO.checkErrorPacket(MysqlIO.java:3529)
24-abr-2017 09:17:26 ERROR com.apptriggergenerator.listcontrollers.utils.ConfigManager.printException : com.mysql.jdbc.MysqlIO.checkErrorPacket(MysqlIO.java:935)
24-abr-2017 09:17:26 ERROR com.apptriggergenerator.listcontrollers.utils.ConfigManager.printException : com.mysql.jdbc.MysqlIO.secureAuth411(MysqlIO.java:4101)
24-abr-2017 09:17:26 ERROR com.apptriggergenerator.listcontrollers.utils.ConfigManager.printException : com.mysql.jdbc.MysqlIO.doHandshake(MysqlIO.java:1300)
24-abr-2017 09:17:26 ERROR com.apptriggergenerator.listcontrollers.utils.ConfigManager.printException : com.mysql.jdbc.ConnectionImpl.coreConnect(ConnectionImpl.java:2337)
24-abr-2017 09:17:26 ERROR com.apptriggergenerator.listcontrollers.utils.ConfigManager.printException : com.mysql.jdbc.ConnectionImpl.connectOneTryOnly(ConnectionImpl.java:2370)
24-abr-2017 09:17:26 ERROR com.apptriggergenerator.listcontrollers.utils.ConfigManager.printException : com.mysql.jdbc.ConnectionImpl.createNewIO(ConnectionImpl.java:2154)
24-abr-2017 09:17:26 ERROR com.apptriggergenerator.listcontrollers.utils.ConfigManager.printException : com.mysql.jdbc.ConnectionImpl.<init>(ConnectionImpl.java:792)
24-abr-2017 09:17:26 ERROR com.apptriggergenerator.listcontrollers.utils.ConfigManager.printException : com.mysql.jdbc.JDBC4Connection.<init>(JDBC4Connection.java:47)
24-abr-2017 09:17:26 ERROR com.apptriggergenerator.listcontrollers.utils.ConfigManager.printException : sun.reflect.NativeConstructorAccessorImpl.newInstance0(Native Method)
24-abr-2017 09:17:26 ERROR com.apptriggergenerator.listcontrollers.utils.ConfigManager.printException : sun.reflect.NativeConstructorAccessorImpl.newInstance(Unknown Source)
24-abr-2017 09:17:26 ERROR com.apptriggergenerator.listcontrollers.utils.ConfigManager.printException : sun.reflect.DelegatingConstructorAccessorImpl.newInstance(Unknown Source)
24-abr-2017 09:17:26 ERROR com.apptriggergenerator.listcontrollers.utils.ConfigManager.printException : java.lang.reflect.Constructor.newInstance(Unknown Source)
24-abr-2017 09:17:26 ERROR com.apptriggergenerator.listcontrollers.utils.ConfigManager.printException : com.mysql.jdbc.Util.handleNewInstance(Util.java:411)
24-abr-2017 09:17:26 ERROR com.apptriggergenerator.listcontrollers.utils.ConfigManager.printException : com.mysql.jdbc.ConnectionImpl.getInstance(ConnectionImpl.java:381)
24-abr-2017 09:17:26 ERROR com.apptriggergenerator.listcontrollers.utils.ConfigManager.printException : com.mysql.jdbc.NonRegisteringDriver.connect(NonRegisteringDriver.java:305)
24-abr-2017 09:17:26 ERROR com.apptriggergenerator.listcontrollers.utils.ConfigManager.printException : java.sql.DriverManager.getConnection(Unknown Source)
24-abr-2017 09:17:26 ERROR com.apptriggergenerator.listcontrollers.utils.ConfigManager.printException : java.sql.DriverManager.getConnection(Unknown Source)
24-abr-2017 09:17:26 ERROR com.apptriggergenerator.listcontrollers.utils.ConfigManager.printException : com.apptriggergenerator.triggergenerator.utils.clsConexion.Conectar2(clsConexion.java:44)
24-abr-2017 09:17:26 ERROR com.apptriggergenerator.listcontrollers.utils.ConfigManager.printException : com.apptriggergenerator.triggergenerator.utils.frmMapirisoftGenerator.Conectar_Base_Datos(frmMapirisoftGenerator.java:153)
24-abr-2017 09:17:26 ERROR com.apptriggergenerator.listcontrollers.utils.ConfigManager.printException : com.apptriggergenerator.triggergenerator.utils.frmMapirisoftGenerator.<init>(frmMapirisoftGenerator.java:140)
24-abr-2017 09:17:26 ERROR com.apptriggergenerator.listcontrollers.utils.ConfigManager.printException : com.apptriggergenerator.triggergenerator.utils.dlgDataBaseConnection.jButton0ActionActionPerformed(dlgDataBaseConnection.java:224)
24-abr-2017 09:17:26 ERROR com.apptriggergenerator.listcontrollers.utils.ConfigManager.printException : com.apptriggergenerator.triggergenerator.utils.dlgDataBaseConnection.access$1(dlgDataBaseConnection.java:220)
24-abr-2017 09:17:26 ERROR com.apptriggergenerator.listcontrollers.utils.ConfigManager.printException : com.apptriggergenerator.triggergenerator.utils.dlgDataBaseConnection$2.actionPerformed(dlgDataBaseConnection.java:200)
24-abr-2017 09:17:26 ERROR com.apptriggergenerator.listcontrollers.utils.ConfigManager.printException : javax.swing.AbstractButton.fireActionPerformed(Unknown Source)
24-abr-2017 09:17:26 ERROR com.apptriggergenerator.listcontrollers.utils.ConfigManager.printException : javax.swing.AbstractButton$Handler.actionPerformed(Unknown Source)
24-abr-2017 09:17:26 ERROR com.apptriggergenerator.listcontrollers.utils.ConfigManager.printException : javax.swing.DefaultButtonModel.fireActionPerformed(Unknown Source)
24-abr-2017 09:17:26 ERROR com.apptriggergenerator.listcontrollers.utils.ConfigManager.printException : javax.swing.DefaultButtonModel.setPressed(Unknown Source)
24-abr-2017 09:17:26 ERROR com.apptriggergenerator.listcontrollers.utils.ConfigManager.printException : javax.swing.plaf.basic.BasicButtonListener.mouseReleased(Unknown Source)
24-abr-2017 09:17:26 ERROR com.apptriggergenerator.listcontrollers.utils.ConfigManager.printException : java.awt.Component.processMouseEvent(Unknown Source)
24-abr-2017 09:17:26 ERROR com.apptriggergenerator.listcontrollers.utils.ConfigManager.printException : javax.swing.JComponent.processMouseEvent(Unknown Source)
24-abr-2017 09:17:26 ERROR com.apptriggergenerator.listcontrollers.utils.ConfigManager.printException : java.awt.Component.processEvent(Unknown Source)
24-abr-2017 09:17:26 ERROR com.apptriggergenerator.listcontrollers.utils.ConfigManager.printException : java.awt.Container.processEvent(Unknown Source)
24-abr-2017 09:17:26 ERROR com.apptriggergenerator.listcontrollers.utils.ConfigManager.printException : java.awt.Component.dispatchEventImpl(Unknown Source)
24-abr-2017 09:17:26 ERROR com.apptriggergenerator.listcontrollers.utils.ConfigManager.printException : java.awt.Container.dispatchEventImpl(Unknown Source)
24-abr-2017 09:17:26 ERROR com.apptriggergenerator.listcontrollers.utils.ConfigManager.printException : java.awt.Component.dispatchEvent(Unknown Source)
24-abr-2017 09:17:26 ERROR com.apptriggergenerator.listcontrollers.utils.ConfigManager.printException : java.awt.LightweightDispatcher.retargetMouseEvent(Unknown Source)
24-abr-2017 09:17:26 ERROR com.apptriggergenerator.listcontrollers.utils.ConfigManager.printException : java.awt.LightweightDispatcher.processMouseEvent(Unknown Source)
24-abr-2017 09:17:26 ERROR com.apptriggergenerator.listcontrollers.utils.ConfigManager.printException : java.awt.LightweightDispatcher.dispatchEvent(Unknown Source)
24-abr-2017 09:17:26 ERROR com.apptriggergenerator.listcontrollers.utils.ConfigManager.printException : java.awt.Container.dispatchEventImpl(Unknown Source)
24-abr-2017 09:17:26 ERROR com.apptriggergenerator.listcontrollers.utils.ConfigManager.printException : java.awt.Window.dispatchEventImpl(Unknown Source)
24-abr-2017 09:17:26 ERROR com.apptriggergenerator.listcontrollers.utils.ConfigManager.printException : java.awt.Component.dispatchEvent(Unknown Source)
24-abr-2017 09:17:26 ERROR com.apptriggergenerator.listcontrollers.utils.ConfigManager.printException : java.awt.EventQueue.dispatchEventImpl(Unknown Source)
24-abr-2017 09:17:26 ERROR com.apptriggergenerator.listcontrollers.utils.ConfigManager.printException : java.awt.EventQueue.access$400(Unknown Source)
24-abr-2017 09:17:26 ERROR com.apptriggergenerator.listcontrollers.utils.ConfigManager.printException : java.awt.EventQueue$2.run(Unknown Source)
24-abr-2017 09:17:26 ERROR com.apptriggergenerator.listcontrollers.utils.ConfigManager.printException : java.awt.EventQueue$2.run(Unknown Source)
24-abr-2017 09:17:26 ERROR com.apptriggergenerator.listcontrollers.utils.ConfigManager.printException : java.security.AccessController.doPrivileged(Native Method)
24-abr-2017 09:17:26 ERROR com.apptriggergenerator.listcontrollers.utils.ConfigManager.printException : java.security.AccessControlContext$1.doIntersectionPrivilege(Unknown Source)
24-abr-2017 09:17:26 ERROR com.apptriggergenerator.listcontrollers.utils.ConfigManager.printException : java.security.AccessControlContext$1.doIntersectionPrivilege(Unknown Source)
24-abr-2017 09:17:26 ERROR com.apptriggergenerator.listcontrollers.utils.ConfigManager.printException : java.awt.EventQueue$3.run(Unknown Source)
24-abr-2017 09:17:26 ERROR com.apptriggergenerator.listcontrollers.utils.ConfigManager.printException : java.awt.EventQueue$3.run(Unknown Source)
24-abr-2017 09:17:26 ERROR com.apptriggergenerator.listcontrollers.utils.ConfigManager.printException : java.security.AccessController.doPrivileged(Native Method)
24-abr-2017 09:17:26 ERROR com.apptriggergenerator.listcontrollers.utils.ConfigManager.printException : java.security.AccessControlContext$1.doIntersectionPrivilege(Unknown Source)
24-abr-2017 09:17:26 ERROR com.apptriggergenerator.listcontrollers.utils.ConfigManager.printException : java.awt.EventQueue.dispatchEvent(Unknown Source)
24-abr-2017 09:17:26 ERROR com.apptriggergenerator.listcontrollers.utils.ConfigManager.printException : java.awt.EventDispatchThread.pumpOneEventForFilters(Unknown Source)
24-abr-2017 09:17:26 ERROR com.apptriggergenerator.listcontrollers.utils.ConfigManager.printException : java.awt.EventDispatchThread.pumpEventsForFilter(Unknown Source)
24-abr-2017 09:17:26 ERROR com.apptriggergenerator.listcontrollers.utils.ConfigManager.printException : java.awt.EventDispatchThread.pumpEventsForHierarchy(Unknown Source)
24-abr-2017 09:17:26 ERROR com.apptriggergenerator.listcontrollers.utils.ConfigManager.printException : java.awt.EventDispatchThread.pumpEvents(Unknown Source)
24-abr-2017 09:17:26 ERROR com.apptriggergenerator.listcontrollers.utils.ConfigManager.printException : java.awt.EventDispatchThread.pumpEvents(Unknown Source)
24-abr-2017 09:17:26 ERROR com.apptriggergenerator.listcontrollers.utils.ConfigManager.printException : java.awt.EventDispatchThread.run(Unknown Source)
24-abr-2017 09:17:26 ERROR com.apptriggergenerator.listcontrollers.utils.ConfigManager.printException : ***********************
24-abr-2017 09:17:26 INFO  com.apptriggergenerator.triggergenerator.utils.clsConexion.Consultar : select schema_name from schemata
24-abr-2017 09:17:26 ERROR com.apptriggergenerator.listcontrollers.utils.ConfigManager.printException : Exception found : Access denied for user 'root'@'192.168.2.110' (using password: YES)
24-abr-2017 09:17:26 ERROR com.apptriggergenerator.listcontrollers.utils.ConfigManager.printException : Cause : null
24-abr-2017 09:17:26 ERROR com.apptriggergenerator.listcontrollers.utils.ConfigManager.printException : Message : Access denied for user 'root'@'192.168.2.110' (using password: YES)
24-abr-2017 09:17:26 ERROR com.apptriggergenerator.listcontrollers.utils.ConfigManager.printException : ***********************
24-abr-2017 09:17:26 ERROR com.apptriggergenerator.listcontrollers.utils.ConfigManager.printException : com.mysql.jdbc.SQLError.createSQLException(SQLError.java:1073)
24-abr-2017 09:17:26 ERROR com.apptriggergenerator.listcontrollers.utils.ConfigManager.printException : com.mysql.jdbc.MysqlIO.checkErrorPacket(MysqlIO.java:3597)
24-abr-2017 09:17:26 ERROR com.apptriggergenerator.listcontrollers.utils.ConfigManager.printException : com.mysql.jdbc.MysqlIO.checkErrorPacket(MysqlIO.java:3529)
24-abr-2017 09:17:26 ERROR com.apptriggergenerator.listcontrollers.utils.ConfigManager.printException : com.mysql.jdbc.MysqlIO.checkErrorPacket(MysqlIO.java:935)
24-abr-2017 09:17:26 ERROR com.apptriggergenerator.listcontrollers.utils.ConfigManager.printException : com.mysql.jdbc.MysqlIO.secureAuth411(MysqlIO.java:4101)
24-abr-2017 09:17:26 ERROR com.apptriggergenerator.listcontrollers.utils.ConfigManager.printException : com.mysql.jdbc.MysqlIO.doHandshake(MysqlIO.java:1300)
24-abr-2017 09:17:26 ERROR com.apptriggergenerator.listcontrollers.utils.ConfigManager.printException : com.mysql.jdbc.ConnectionImpl.coreConnect(ConnectionImpl.java:2337)
24-abr-2017 09:17:26 ERROR com.apptriggergenerator.listcontrollers.utils.ConfigManager.printException : com.mysql.jdbc.ConnectionImpl.connectOneTryOnly(ConnectionImpl.java:2370)
24-abr-2017 09:17:26 ERROR com.apptriggergenerator.listcontrollers.utils.ConfigManager.printException : com.mysql.jdbc.ConnectionImpl.createNewIO(ConnectionImpl.java:2154)
24-abr-2017 09:17:26 ERROR com.apptriggergenerator.listcontrollers.utils.ConfigManager.printException : com.mysql.jdbc.ConnectionImpl.<init>(ConnectionImpl.java:792)
24-abr-2017 09:17:26 ERROR com.apptriggergenerator.listcontrollers.utils.ConfigManager.printException : com.mysql.jdbc.JDBC4Connection.<init>(JDBC4Connection.java:47)
24-abr-2017 09:17:26 ERROR com.apptriggergenerator.listcontrollers.utils.ConfigManager.printException : sun.reflect.NativeConstructorAccessorImpl.newInstance0(Native Method)
24-abr-2017 09:17:26 ERROR com.apptriggergenerator.listcontrollers.utils.ConfigManager.printException : sun.reflect.NativeConstructorAccessorImpl.newInstance(Unknown Source)
24-abr-2017 09:17:26 ERROR com.apptriggergenerator.listcontrollers.utils.ConfigManager.printException : sun.reflect.DelegatingConstructorAccessorImpl.newInstance(Unknown Source)
24-abr-2017 09:17:26 ERROR com.apptriggergenerator.listcontrollers.utils.ConfigManager.printException : java.lang.reflect.Constructor.newInstance(Unknown Source)
24-abr-2017 09:17:26 ERROR com.apptriggergenerator.listcontrollers.utils.ConfigManager.printException : com.mysql.jdbc.Util.handleNewInstance(Util.java:411)
24-abr-2017 09:17:26 ERROR com.apptriggergenerator.listcontrollers.utils.ConfigManager.printException : com.mysql.jdbc.ConnectionImpl.getInstance(ConnectionImpl.java:381)
24-abr-2017 09:17:26 ERROR com.apptriggergenerator.listcontrollers.utils.ConfigManager.printException : com.mysql.jdbc.NonRegisteringDriver.connect(NonRegisteringDriver.java:305)
24-abr-2017 09:17:26 ERROR com.apptriggergenerator.listcontrollers.utils.ConfigManager.printException : java.sql.DriverManager.getConnection(Unknown Source)
24-abr-2017 09:17:26 ERROR com.apptriggergenerator.listcontrollers.utils.ConfigManager.printException : java.sql.DriverManager.getConnection(Unknown Source)
24-abr-2017 09:17:26 ERROR com.apptriggergenerator.listcontrollers.utils.ConfigManager.printException : com.apptriggergenerator.triggergenerator.utils.clsConexion.Conectar(clsConexion.java:32)
24-abr-2017 09:17:26 ERROR com.apptriggergenerator.listcontrollers.utils.ConfigManager.printException : com.apptriggergenerator.triggergenerator.utils.clsConexion.Consultar(clsConexion.java:74)
24-abr-2017 09:17:26 ERROR com.apptriggergenerator.listcontrollers.utils.ConfigManager.printException : com.apptriggergenerator.triggergenerator.utils.clsBase.Consulta_General(clsBase.java:1008)
24-abr-2017 09:17:26 ERROR com.apptriggergenerator.listcontrollers.utils.ConfigManager.printException : com.apptriggergenerator.triggergenerator.utils.frmMapirisoftGenerator.Cargar_Bases_Datos(frmMapirisoftGenerator.java:162)
24-abr-2017 09:17:26 ERROR com.apptriggergenerator.listcontrollers.utils.ConfigManager.printException : com.apptriggergenerator.triggergenerator.utils.frmMapirisoftGenerator.<init>(frmMapirisoftGenerator.java:142)
24-abr-2017 09:17:26 ERROR com.apptriggergenerator.listcontrollers.utils.ConfigManager.printException : com.apptriggergenerator.triggergenerator.utils.dlgDataBaseConnection.jButton0ActionActionPerformed(dlgDataBaseConnection.java:224)
24-abr-2017 09:17:27 ERROR com.apptriggergenerator.listcontrollers.utils.ConfigManager.printException : com.apptriggergenerator.triggergenerator.utils.dlgDataBaseConnection.access$1(dlgDataBaseConnection.java:220)
24-abr-2017 09:17:27 ERROR com.apptriggergenerator.listcontrollers.utils.ConfigManager.printException : com.apptriggergenerator.triggergenerator.utils.dlgDataBaseConnection$2.actionPerformed(dlgDataBaseConnection.java:200)
24-abr-2017 09:17:27 ERROR com.apptriggergenerator.listcontrollers.utils.ConfigManager.printException : javax.swing.AbstractButton.fireActionPerformed(Unknown Source)
24-abr-2017 09:17:27 ERROR com.apptriggergenerator.listcontrollers.utils.ConfigManager.printException : javax.swing.AbstractButton$Handler.actionPerformed(Unknown Source)
24-abr-2017 09:17:27 ERROR com.apptriggergenerator.listcontrollers.utils.ConfigManager.printException : javax.swing.DefaultButtonModel.fireActionPerformed(Unknown Source)
24-abr-2017 09:17:27 ERROR com.apptriggergenerator.listcontrollers.utils.ConfigManager.printException : javax.swing.DefaultButtonModel.setPressed(Unknown Source)
24-abr-2017 09:17:27 ERROR com.apptriggergenerator.listcontrollers.utils.ConfigManager.printException : javax.swing.plaf.basic.BasicButtonListener.mouseReleased(Unknown Source)
24-abr-2017 09:17:27 ERROR com.apptriggergenerator.listcontrollers.utils.ConfigManager.printException : java.awt.Component.processMouseEvent(Unknown Source)
24-abr-2017 09:17:27 ERROR com.apptriggergenerator.listcontrollers.utils.ConfigManager.printException : javax.swing.JComponent.processMouseEvent(Unknown Source)
24-abr-2017 09:17:27 ERROR com.apptriggergenerator.listcontrollers.utils.ConfigManager.printException : java.awt.Component.processEvent(Unknown Source)
24-abr-2017 09:17:27 ERROR com.apptriggergenerator.listcontrollers.utils.ConfigManager.printException : java.awt.Container.processEvent(Unknown Source)
24-abr-2017 09:17:27 ERROR com.apptriggergenerator.listcontrollers.utils.ConfigManager.printException : java.awt.Component.dispatchEventImpl(Unknown Source)
24-abr-2017 09:17:27 ERROR com.apptriggergenerator.listcontrollers.utils.ConfigManager.printException : java.awt.Container.dispatchEventImpl(Unknown Source)
24-abr-2017 09:17:27 ERROR com.apptriggergenerator.listcontrollers.utils.ConfigManager.printException : java.awt.Component.dispatchEvent(Unknown Source)
24-abr-2017 09:17:27 ERROR com.apptriggergenerator.listcontrollers.utils.ConfigManager.printException : java.awt.LightweightDispatcher.retargetMouseEvent(Unknown Source)
24-abr-2017 09:17:27 ERROR com.apptriggergenerator.listcontrollers.utils.ConfigManager.printException : java.awt.LightweightDispatcher.processMouseEvent(Unknown Source)
24-abr-2017 09:17:27 ERROR com.apptriggergenerator.listcontrollers.utils.ConfigManager.printException : java.awt.LightweightDispatcher.dispatchEvent(Unknown Source)
24-abr-2017 09:17:27 ERROR com.apptriggergenerator.listcontrollers.utils.ConfigManager.printException : java.awt.Container.dispatchEventImpl(Unknown Source)
24-abr-2017 09:17:27 ERROR com.apptriggergenerator.listcontrollers.utils.ConfigManager.printException : java.awt.Window.dispatchEventImpl(Unknown Source)
24-abr-2017 09:17:27 ERROR com.apptriggergenerator.listcontrollers.utils.ConfigManager.printException : java.awt.Component.dispatchEvent(Unknown Source)
24-abr-2017 09:17:27 ERROR com.apptriggergenerator.listcontrollers.utils.ConfigManager.printException : java.awt.EventQueue.dispatchEventImpl(Unknown Source)
24-abr-2017 09:17:27 ERROR com.apptriggergenerator.listcontrollers.utils.ConfigManager.printException : java.awt.EventQueue.access$400(Unknown Source)
24-abr-2017 09:17:27 ERROR com.apptriggergenerator.listcontrollers.utils.ConfigManager.printException : java.awt.EventQueue$2.run(Unknown Source)
24-abr-2017 09:17:27 ERROR com.apptriggergenerator.listcontrollers.utils.ConfigManager.printException : java.awt.EventQueue$2.run(Unknown Source)
24-abr-2017 09:17:27 ERROR com.apptriggergenerator.listcontrollers.utils.ConfigManager.printException : java.security.AccessController.doPrivileged(Native Method)
24-abr-2017 09:17:27 ERROR com.apptriggergenerator.listcontrollers.utils.ConfigManager.printException : java.security.AccessControlContext$1.doIntersectionPrivilege(Unknown Source)
24-abr-2017 09:17:27 ERROR com.apptriggergenerator.listcontrollers.utils.ConfigManager.printException : java.security.AccessControlContext$1.doIntersectionPrivilege(Unknown Source)
24-abr-2017 09:17:27 ERROR com.apptriggergenerator.listcontrollers.utils.ConfigManager.printException : java.awt.EventQueue$3.run(Unknown Source)
24-abr-2017 09:17:27 ERROR com.apptriggergenerator.listcontrollers.utils.ConfigManager.printException : java.awt.EventQueue$3.run(Unknown Source)
24-abr-2017 09:17:27 ERROR com.apptriggergenerator.listcontrollers.utils.ConfigManager.printException : java.security.AccessController.doPrivileged(Native Method)
24-abr-2017 09:17:27 ERROR com.apptriggergenerator.listcontrollers.utils.ConfigManager.printException : java.security.AccessControlContext$1.doIntersectionPrivilege(Unknown Source)
24-abr-2017 09:17:27 ERROR com.apptriggergenerator.listcontrollers.utils.ConfigManager.printException : java.awt.EventQueue.dispatchEvent(Unknown Source)
24-abr-2017 09:17:27 ERROR com.apptriggergenerator.listcontrollers.utils.ConfigManager.printException : java.awt.EventDispatchThread.pumpOneEventForFilters(Unknown Source)
24-abr-2017 09:17:27 ERROR com.apptriggergenerator.listcontrollers.utils.ConfigManager.printException : java.awt.EventDispatchThread.pumpEventsForFilter(Unknown Source)
24-abr-2017 09:17:27 ERROR com.apptriggergenerator.listcontrollers.utils.ConfigManager.printException : java.awt.EventDispatchThread.pumpEventsForHierarchy(Unknown Source)
24-abr-2017 09:17:27 ERROR com.apptriggergenerator.listcontrollers.utils.ConfigManager.printException : java.awt.EventDispatchThread.pumpEvents(Unknown Source)
24-abr-2017 09:17:27 ERROR com.apptriggergenerator.listcontrollers.utils.ConfigManager.printException : java.awt.EventDispatchThread.pumpEvents(Unknown Source)
24-abr-2017 09:17:27 ERROR com.apptriggergenerator.listcontrollers.utils.ConfigManager.printException : java.awt.EventDispatchThread.run(Unknown Source)
24-abr-2017 09:17:27 ERROR com.apptriggergenerator.listcontrollers.utils.ConfigManager.printException : ***********************
24-abr-2017 09:17:27 ERROR com.apptriggergenerator.listcontrollers.utils.ConfigManager.printException : Exception found : null
24-abr-2017 09:17:27 ERROR com.apptriggergenerator.listcontrollers.utils.ConfigManager.printException : Cause : null
24-abr-2017 09:17:27 ERROR com.apptriggergenerator.listcontrollers.utils.ConfigManager.printException : Message : null
24-abr-2017 09:17:27 ERROR com.apptriggergenerator.listcontrollers.utils.ConfigManager.printException : ***********************
24-abr-2017 09:17:27 ERROR com.apptriggergenerator.listcontrollers.utils.ConfigManager.printException : com.apptriggergenerator.triggergenerator.utils.clsConexion.Consultar(clsConexion.java:75)
24-abr-2017 09:17:27 ERROR com.apptriggergenerator.listcontrollers.utils.ConfigManager.printException : com.apptriggergenerator.triggergenerator.utils.clsBase.Consulta_General(clsBase.java:1008)
24-abr-2017 09:17:27 ERROR com.apptriggergenerator.listcontrollers.utils.ConfigManager.printException : com.apptriggergenerator.triggergenerator.utils.frmMapirisoftGenerator.Cargar_Bases_Datos(frmMapirisoftGenerator.java:162)
24-abr-2017 09:17:27 ERROR com.apptriggergenerator.listcontrollers.utils.ConfigManager.printException : com.apptriggergenerator.triggergenerator.utils.frmMapirisoftGenerator.<init>(frmMapirisoftGenerator.java:142)
24-abr-2017 09:17:27 ERROR com.apptriggergenerator.listcontrollers.utils.ConfigManager.printException : com.apptriggergenerator.triggergenerator.utils.dlgDataBaseConnection.jButton0ActionActionPerformed(dlgDataBaseConnection.java:224)
24-abr-2017 09:17:27 ERROR com.apptriggergenerator.listcontrollers.utils.ConfigManager.printException : com.apptriggergenerator.triggergenerator.utils.dlgDataBaseConnection.access$1(dlgDataBaseConnection.java:220)
24-abr-2017 09:17:27 ERROR com.apptriggergenerator.listcontrollers.utils.ConfigManager.printException : com.apptriggergenerator.triggergenerator.utils.dlgDataBaseConnection$2.actionPerformed(dlgDataBaseConnection.java:200)
24-abr-2017 09:17:27 ERROR com.apptriggergenerator.listcontrollers.utils.ConfigManager.printException : javax.swing.AbstractButton.fireActionPerformed(Unknown Source)
24-abr-2017 09:17:27 ERROR com.apptriggergenerator.listcontrollers.utils.ConfigManager.printException : javax.swing.AbstractButton$Handler.actionPerformed(Unknown Source)
24-abr-2017 09:17:27 ERROR com.apptriggergenerator.listcontrollers.utils.ConfigManager.printException : javax.swing.DefaultButtonModel.fireActionPerformed(Unknown Source)
24-abr-2017 09:17:27 ERROR com.apptriggergenerator.listcontrollers.utils.ConfigManager.printException : javax.swing.DefaultButtonModel.setPressed(Unknown Source)
24-abr-2017 09:17:27 ERROR com.apptriggergenerator.listcontrollers.utils.ConfigManager.printException : javax.swing.plaf.basic.BasicButtonListener.mouseReleased(Unknown Source)
24-abr-2017 09:17:27 ERROR com.apptriggergenerator.listcontrollers.utils.ConfigManager.printException : java.awt.Component.processMouseEvent(Unknown Source)
24-abr-2017 09:17:27 ERROR com.apptriggergenerator.listcontrollers.utils.ConfigManager.printException : javax.swing.JComponent.processMouseEvent(Unknown Source)
24-abr-2017 09:17:27 ERROR com.apptriggergenerator.listcontrollers.utils.ConfigManager.printException : java.awt.Component.processEvent(Unknown Source)
24-abr-2017 09:17:27 ERROR com.apptriggergenerator.listcontrollers.utils.ConfigManager.printException : java.awt.Container.processEvent(Unknown Source)
24-abr-2017 09:17:27 ERROR com.apptriggergenerator.listcontrollers.utils.ConfigManager.printException : java.awt.Component.dispatchEventImpl(Unknown Source)
24-abr-2017 09:17:27 ERROR com.apptriggergenerator.listcontrollers.utils.ConfigManager.printException : java.awt.Container.dispatchEventImpl(Unknown Source)
24-abr-2017 09:17:27 ERROR com.apptriggergenerator.listcontrollers.utils.ConfigManager.printException : java.awt.Component.dispatchEvent(Unknown Source)
24-abr-2017 09:17:27 ERROR com.apptriggergenerator.listcontrollers.utils.ConfigManager.printException : java.awt.LightweightDispatcher.retargetMouseEvent(Unknown Source)
24-abr-2017 09:17:27 ERROR com.apptriggergenerator.listcontrollers.utils.ConfigManager.printException : java.awt.LightweightDispatcher.processMouseEvent(Unknown Source)
24-abr-2017 09:17:27 ERROR com.apptriggergenerator.listcontrollers.utils.ConfigManager.printException : java.awt.LightweightDispatcher.dispatchEvent(Unknown Source)
24-abr-2017 09:17:27 ERROR com.apptriggergenerator.listcontrollers.utils.ConfigManager.printException : java.awt.Container.dispatchEventImpl(Unknown Source)
24-abr-2017 09:17:27 ERROR com.apptriggergenerator.listcontrollers.utils.ConfigManager.printException : java.awt.Window.dispatchEventImpl(Unknown Source)
24-abr-2017 09:17:27 ERROR com.apptriggergenerator.listcontrollers.utils.ConfigManager.printException : java.awt.Component.dispatchEvent(Unknown Source)
24-abr-2017 09:17:27 ERROR com.apptriggergenerator.listcontrollers.utils.ConfigManager.printException : java.awt.EventQueue.dispatchEventImpl(Unknown Source)
24-abr-2017 09:17:27 ERROR com.apptriggergenerator.listcontrollers.utils.ConfigManager.printException : java.awt.EventQueue.access$400(Unknown Source)
24-abr-2017 09:17:27 ERROR com.apptriggergenerator.listcontrollers.utils.ConfigManager.printException : java.awt.EventQueue$2.run(Unknown Source)
24-abr-2017 09:17:27 ERROR com.apptriggergenerator.listcontrollers.utils.ConfigManager.printException : java.awt.EventQueue$2.run(Unknown Source)
24-abr-2017 09:17:27 ERROR com.apptriggergenerator.listcontrollers.utils.ConfigManager.printException : java.security.AccessController.doPrivileged(Native Method)
24-abr-2017 09:17:27 ERROR com.apptriggergenerator.listcontrollers.utils.ConfigManager.printException : java.security.AccessControlContext$1.doIntersectionPrivilege(Unknown Source)
24-abr-2017 09:17:27 ERROR com.apptriggergenerator.listcontrollers.utils.ConfigManager.printException : java.security.AccessControlContext$1.doIntersectionPrivilege(Unknown Source)
24-abr-2017 09:17:27 ERROR com.apptriggergenerator.listcontrollers.utils.ConfigManager.printException : java.awt.EventQueue$3.run(Unknown Source)
24-abr-2017 09:17:27 ERROR com.apptriggergenerator.listcontrollers.utils.ConfigManager.printException : java.awt.EventQueue$3.run(Unknown Source)
24-abr-2017 09:17:27 ERROR com.apptriggergenerator.listcontrollers.utils.ConfigManager.printException : java.security.AccessController.doPrivileged(Native Method)
24-abr-2017 09:17:27 ERROR com.apptriggergenerator.listcontrollers.utils.ConfigManager.printException : java.security.AccessControlContext$1.doIntersectionPrivilege(Unknown Source)
24-abr-2017 09:17:27 ERROR com.apptriggergenerator.listcontrollers.utils.ConfigManager.printException : java.awt.EventQueue.dispatchEvent(Unknown Source)
24-abr-2017 09:17:27 ERROR com.apptriggergenerator.listcontrollers.utils.ConfigManager.printException : java.awt.EventDispatchThread.pumpOneEventForFilters(Unknown Source)
24-abr-2017 09:17:27 ERROR com.apptriggergenerator.listcontrollers.utils.ConfigManager.printException : java.awt.EventDispatchThread.pumpEventsForFilter(Unknown Source)
24-abr-2017 09:17:27 ERROR com.apptriggergenerator.listcontrollers.utils.ConfigManager.printException : java.awt.EventDispatchThread.pumpEventsForHierarchy(Unknown Source)
24-abr-2017 09:17:27 ERROR com.apptriggergenerator.listcontrollers.utils.ConfigManager.printException : java.awt.EventDispatchThread.pumpEvents(Unknown Source)
24-abr-2017 09:17:27 ERROR com.apptriggergenerator.listcontrollers.utils.ConfigManager.printException : java.awt.EventDispatchThread.pumpEvents(Unknown Source)
24-abr-2017 09:17:27 ERROR com.apptriggergenerator.listcontrollers.utils.ConfigManager.printException : java.awt.EventDispatchThread.run(Unknown Source)
24-abr-2017 09:17:27 ERROR com.apptriggergenerator.listcontrollers.utils.ConfigManager.printException : ***********************
24-abr-2017 09:17:43 INFO  com.apptriggergenerator.triggergenerator.utils.dlgDataBaseConnection.main : Initializing Application ...
24-abr-2017 09:18:00 ERROR com.apptriggergenerator.listcontrollers.utils.ConfigManager.printException : Exception found : Access denied for user 'root'@'192.168.2.110' (using password: YES)
24-abr-2017 09:18:00 ERROR com.apptriggergenerator.listcontrollers.utils.ConfigManager.printException : Cause : null
24-abr-2017 09:18:00 ERROR com.apptriggergenerator.listcontrollers.utils.ConfigManager.printException : Message : Access denied for user 'root'@'192.168.2.110' (using password: YES)
24-abr-2017 09:18:00 ERROR com.apptriggergenerator.listcontrollers.utils.ConfigManager.printException : ***********************
24-abr-2017 09:18:00 ERROR com.apptriggergenerator.listcontrollers.utils.ConfigManager.printException : com.mysql.jdbc.SQLError.createSQLException(SQLError.java:1073)
24-abr-2017 09:18:00 ERROR com.apptriggergenerator.listcontrollers.utils.ConfigManager.printException : com.mysql.jdbc.MysqlIO.checkErrorPacket(MysqlIO.java:3597)
24-abr-2017 09:18:00 ERROR com.apptriggergenerator.listcontrollers.utils.ConfigManager.printException : com.mysql.jdbc.MysqlIO.checkErrorPacket(MysqlIO.java:3529)
24-abr-2017 09:18:00 ERROR com.apptriggergenerator.listcontrollers.utils.ConfigManager.printException : com.mysql.jdbc.MysqlIO.checkErrorPacket(MysqlIO.java:935)
24-abr-2017 09:18:00 ERROR com.apptriggergenerator.listcontrollers.utils.ConfigManager.printException : com.mysql.jdbc.MysqlIO.secureAuth411(MysqlIO.java:4101)
24-abr-2017 09:18:00 ERROR com.apptriggergenerator.listcontrollers.utils.ConfigManager.printException : com.mysql.jdbc.MysqlIO.doHandshake(MysqlIO.java:1300)
24-abr-2017 09:18:00 ERROR com.apptriggergenerator.listcontrollers.utils.ConfigManager.printException : com.mysql.jdbc.ConnectionImpl.coreConnect(ConnectionImpl.java:2337)
24-abr-2017 09:18:00 ERROR com.apptriggergenerator.listcontrollers.utils.ConfigManager.printException : com.mysql.jdbc.ConnectionImpl.connectOneTryOnly(ConnectionImpl.java:2370)
24-abr-2017 09:18:00 ERROR com.apptriggergenerator.listcontrollers.utils.ConfigManager.printException : com.mysql.jdbc.ConnectionImpl.createNewIO(ConnectionImpl.java:2154)
24-abr-2017 09:18:00 ERROR com.apptriggergenerator.listcontrollers.utils.ConfigManager.printException : com.mysql.jdbc.ConnectionImpl.<init>(ConnectionImpl.java:792)
24-abr-2017 09:18:00 ERROR com.apptriggergenerator.listcontrollers.utils.ConfigManager.printException : com.mysql.jdbc.JDBC4Connection.<init>(JDBC4Connection.java:47)
24-abr-2017 09:18:00 ERROR com.apptriggergenerator.listcontrollers.utils.ConfigManager.printException : sun.reflect.NativeConstructorAccessorImpl.newInstance0(Native Method)
24-abr-2017 09:18:00 ERROR com.apptriggergenerator.listcontrollers.utils.ConfigManager.printException : sun.reflect.NativeConstructorAccessorImpl.newInstance(Unknown Source)
24-abr-2017 09:18:00 ERROR com.apptriggergenerator.listcontrollers.utils.ConfigManager.printException : sun.reflect.DelegatingConstructorAccessorImpl.newInstance(Unknown Source)
24-abr-2017 09:18:00 ERROR com.apptriggergenerator.listcontrollers.utils.ConfigManager.printException : java.lang.reflect.Constructor.newInstance(Unknown Source)
24-abr-2017 09:18:00 ERROR com.apptriggergenerator.listcontrollers.utils.ConfigManager.printException : com.mysql.jdbc.Util.handleNewInstance(Util.java:411)
24-abr-2017 09:18:00 ERROR com.apptriggergenerator.listcontrollers.utils.ConfigManager.printException : com.mysql.jdbc.ConnectionImpl.getInstance(ConnectionImpl.java:381)
24-abr-2017 09:18:00 ERROR com.apptriggergenerator.listcontrollers.utils.ConfigManager.printException : com.mysql.jdbc.NonRegisteringDriver.connect(NonRegisteringDriver.java:305)
24-abr-2017 09:18:00 ERROR com.apptriggergenerator.listcontrollers.utils.ConfigManager.printException : java.sql.DriverManager.getConnection(Unknown Source)
24-abr-2017 09:18:00 ERROR com.apptriggergenerator.listcontrollers.utils.ConfigManager.printException : java.sql.DriverManager.getConnection(Unknown Source)
24-abr-2017 09:18:00 ERROR com.apptriggergenerator.listcontrollers.utils.ConfigManager.printException : com.apptriggergenerator.triggergenerator.utils.clsConexion.Conectar2(clsConexion.java:44)
24-abr-2017 09:18:00 ERROR com.apptriggergenerator.listcontrollers.utils.ConfigManager.printException : com.apptriggergenerator.triggergenerator.utils.frmMapirisoftGenerator.Conectar_Base_Datos(frmMapirisoftGenerator.java:153)
24-abr-2017 09:18:00 ERROR com.apptriggergenerator.listcontrollers.utils.ConfigManager.printException : com.apptriggergenerator.triggergenerator.utils.frmMapirisoftGenerator.<init>(frmMapirisoftGenerator.java:140)
24-abr-2017 09:18:00 ERROR com.apptriggergenerator.listcontrollers.utils.ConfigManager.printException : com.apptriggergenerator.triggergenerator.utils.dlgDataBaseConnection.jButton0ActionActionPerformed(dlgDataBaseConnection.java:224)
24-abr-2017 09:18:00 ERROR com.apptriggergenerator.listcontrollers.utils.ConfigManager.printException : com.apptriggergenerator.triggergenerator.utils.dlgDataBaseConnection.access$1(dlgDataBaseConnection.java:220)
24-abr-2017 09:18:00 ERROR com.apptriggergenerator.listcontrollers.utils.ConfigManager.printException : com.apptriggergenerator.triggergenerator.utils.dlgDataBaseConnection$2.actionPerformed(dlgDataBaseConnection.java:200)
24-abr-2017 09:18:00 ERROR com.apptriggergenerator.listcontrollers.utils.ConfigManager.printException : javax.swing.AbstractButton.fireActionPerformed(Unknown Source)
24-abr-2017 09:18:00 ERROR com.apptriggergenerator.listcontrollers.utils.ConfigManager.printException : javax.swing.AbstractButton$Handler.actionPerformed(Unknown Source)
24-abr-2017 09:18:00 ERROR com.apptriggergenerator.listcontrollers.utils.ConfigManager.printException : javax.swing.DefaultButtonModel.fireActionPerformed(Unknown Source)
24-abr-2017 09:18:00 ERROR com.apptriggergenerator.listcontrollers.utils.ConfigManager.printException : javax.swing.DefaultButtonModel.setPressed(Unknown Source)
24-abr-2017 09:18:00 ERROR com.apptriggergenerator.listcontrollers.utils.ConfigManager.printException : javax.swing.plaf.basic.BasicButtonListener.mouseReleased(Unknown Source)
24-abr-2017 09:18:00 ERROR com.apptriggergenerator.listcontrollers.utils.ConfigManager.printException : java.awt.Component.processMouseEvent(Unknown Source)
24-abr-2017 09:18:00 ERROR com.apptriggergenerator.listcontrollers.utils.ConfigManager.printException : javax.swing.JComponent.processMouseEvent(Unknown Source)
24-abr-2017 09:18:00 ERROR com.apptriggergenerator.listcontrollers.utils.ConfigManager.printException : java.awt.Component.processEvent(Unknown Source)
24-abr-2017 09:18:00 ERROR com.apptriggergenerator.listcontrollers.utils.ConfigManager.printException : java.awt.Container.processEvent(Unknown Source)
24-abr-2017 09:18:00 ERROR com.apptriggergenerator.listcontrollers.utils.ConfigManager.printException : java.awt.Component.dispatchEventImpl(Unknown Source)
24-abr-2017 09:18:00 ERROR com.apptriggergenerator.listcontrollers.utils.ConfigManager.printException : java.awt.Container.dispatchEventImpl(Unknown Source)
24-abr-2017 09:18:00 ERROR com.apptriggergenerator.listcontrollers.utils.ConfigManager.printException : java.awt.Component.dispatchEvent(Unknown Source)
24-abr-2017 09:18:00 ERROR com.apptriggergenerator.listcontrollers.utils.ConfigManager.printException : java.awt.LightweightDispatcher.retargetMouseEvent(Unknown Source)
24-abr-2017 09:18:00 ERROR com.apptriggergenerator.listcontrollers.utils.ConfigManager.printException : java.awt.LightweightDispatcher.processMouseEvent(Unknown Source)
24-abr-2017 09:18:00 ERROR com.apptriggergenerator.listcontrollers.utils.ConfigManager.printException : java.awt.LightweightDispatcher.dispatchEvent(Unknown Source)
24-abr-2017 09:18:00 ERROR com.apptriggergenerator.listcontrollers.utils.ConfigManager.printException : java.awt.Container.dispatchEventImpl(Unknown Source)
24-abr-2017 09:18:00 ERROR com.apptriggergenerator.listcontrollers.utils.ConfigManager.printException : java.awt.Window.dispatchEventImpl(Unknown Source)
24-abr-2017 09:18:00 ERROR com.apptriggergenerator.listcontrollers.utils.ConfigManager.printException : java.awt.Component.dispatchEvent(Unknown Source)
24-abr-2017 09:18:00 ERROR com.apptriggergenerator.listcontrollers.utils.ConfigManager.printException : java.awt.EventQueue.dispatchEventImpl(Unknown Source)
24-abr-2017 09:18:00 ERROR com.apptriggergenerator.listcontrollers.utils.ConfigManager.printException : java.awt.EventQueue.access$400(Unknown Source)
24-abr-2017 09:18:00 ERROR com.apptriggergenerator.listcontrollers.utils.ConfigManager.printException : java.awt.EventQueue$2.run(Unknown Source)
24-abr-2017 09:18:00 ERROR com.apptriggergenerator.listcontrollers.utils.ConfigManager.printException : java.awt.EventQueue$2.run(Unknown Source)
24-abr-2017 09:18:00 ERROR com.apptriggergenerator.listcontrollers.utils.ConfigManager.printException : java.security.AccessController.doPrivileged(Native Method)
24-abr-2017 09:18:00 ERROR com.apptriggergenerator.listcontrollers.utils.ConfigManager.printException : java.security.AccessControlContext$1.doIntersectionPrivilege(Unknown Source)
24-abr-2017 09:18:00 ERROR com.apptriggergenerator.listcontrollers.utils.ConfigManager.printException : java.security.AccessControlContext$1.doIntersectionPrivilege(Unknown Source)
24-abr-2017 09:18:00 ERROR com.apptriggergenerator.listcontrollers.utils.ConfigManager.printException : java.awt.EventQueue$3.run(Unknown Source)
24-abr-2017 09:18:00 ERROR com.apptriggergenerator.listcontrollers.utils.ConfigManager.printException : java.awt.EventQueue$3.run(Unknown Source)
24-abr-2017 09:18:00 ERROR com.apptriggergenerator.listcontrollers.utils.ConfigManager.printException : java.security.AccessController.doPrivileged(Native Method)
24-abr-2017 09:18:00 ERROR com.apptriggergenerator.listcontrollers.utils.ConfigManager.printException : java.security.AccessControlContext$1.doIntersectionPrivilege(Unknown Source)
24-abr-2017 09:18:00 ERROR com.apptriggergenerator.listcontrollers.utils.ConfigManager.printException : java.awt.EventQueue.dispatchEvent(Unknown Source)
24-abr-2017 09:18:00 ERROR com.apptriggergenerator.listcontrollers.utils.ConfigManager.printException : java.awt.EventDispatchThread.pumpOneEventForFilters(Unknown Source)
24-abr-2017 09:18:00 ERROR com.apptriggergenerator.listcontrollers.utils.ConfigManager.printException : java.awt.EventDispatchThread.pumpEventsForFilter(Unknown Source)
24-abr-2017 09:18:00 ERROR com.apptriggergenerator.listcontrollers.utils.ConfigManager.printException : java.awt.EventDispatchThread.pumpEventsForHierarchy(Unknown Source)
24-abr-2017 09:18:00 ERROR com.apptriggergenerator.listcontrollers.utils.ConfigManager.printException : java.awt.EventDispatchThread.pumpEvents(Unknown Source)
24-abr-2017 09:18:00 ERROR com.apptriggergenerator.listcontrollers.utils.ConfigManager.printException : java.awt.EventDispatchThread.pumpEvents(Unknown Source)
24-abr-2017 09:18:00 ERROR com.apptriggergenerator.listcontrollers.utils.ConfigManager.printException : java.awt.EventDispatchThread.run(Unknown Source)
24-abr-2017 09:18:00 ERROR com.apptriggergenerator.listcontrollers.utils.ConfigManager.printException : ***********************
24-abr-2017 09:18:00 INFO  com.apptriggergenerator.triggergenerator.utils.clsConexion.Consultar : select schema_name from schemata
24-abr-2017 09:18:00 ERROR com.apptriggergenerator.listcontrollers.utils.ConfigManager.printException : Exception found : Access denied for user 'root'@'192.168.2.110' (using password: YES)
24-abr-2017 09:18:00 ERROR com.apptriggergenerator.listcontrollers.utils.ConfigManager.printException : Cause : null
24-abr-2017 09:18:00 ERROR com.apptriggergenerator.listcontrollers.utils.ConfigManager.printException : Message : Access denied for user 'root'@'192.168.2.110' (using password: YES)
24-abr-2017 09:18:00 ERROR com.apptriggergenerator.listcontrollers.utils.ConfigManager.printException : ***********************
24-abr-2017 09:18:00 ERROR com.apptriggergenerator.listcontrollers.utils.ConfigManager.printException : com.mysql.jdbc.SQLError.createSQLException(SQLError.java:1073)
24-abr-2017 09:18:00 ERROR com.apptriggergenerator.listcontrollers.utils.ConfigManager.printException : com.mysql.jdbc.MysqlIO.checkErrorPacket(MysqlIO.java:3597)
24-abr-2017 09:18:00 ERROR com.apptriggergenerator.listcontrollers.utils.ConfigManager.printException : com.mysql.jdbc.MysqlIO.checkErrorPacket(MysqlIO.java:3529)
24-abr-2017 09:18:00 ERROR com.apptriggergenerator.listcontrollers.utils.ConfigManager.printException : com.mysql.jdbc.MysqlIO.checkErrorPacket(MysqlIO.java:935)
24-abr-2017 09:18:00 ERROR com.apptriggergenerator.listcontrollers.utils.ConfigManager.printException : com.mysql.jdbc.MysqlIO.secureAuth411(MysqlIO.java:4101)
24-abr-2017 09:18:00 ERROR com.apptriggergenerator.listcontrollers.utils.ConfigManager.printException : com.mysql.jdbc.MysqlIO.doHandshake(MysqlIO.java:1300)
24-abr-2017 09:18:00 ERROR com.apptriggergenerator.listcontrollers.utils.ConfigManager.printException : com.mysql.jdbc.ConnectionImpl.coreConnect(ConnectionImpl.java:2337)
24-abr-2017 09:18:00 ERROR com.apptriggergenerator.listcontrollers.utils.ConfigManager.printException : com.mysql.jdbc.ConnectionImpl.connectOneTryOnly(ConnectionImpl.java:2370)
24-abr-2017 09:18:00 ERROR com.apptriggergenerator.listcontrollers.utils.ConfigManager.printException : com.mysql.jdbc.ConnectionImpl.createNewIO(ConnectionImpl.java:2154)
24-abr-2017 09:18:00 ERROR com.apptriggergenerator.listcontrollers.utils.ConfigManager.printException : com.mysql.jdbc.ConnectionImpl.<init>(ConnectionImpl.java:792)
24-abr-2017 09:18:00 ERROR com.apptriggergenerator.listcontrollers.utils.ConfigManager.printException : com.mysql.jdbc.JDBC4Connection.<init>(JDBC4Connection.java:47)
24-abr-2017 09:18:00 ERROR com.apptriggergenerator.listcontrollers.utils.ConfigManager.printException : sun.reflect.NativeConstructorAccessorImpl.newInstance0(Native Method)
24-abr-2017 09:18:00 ERROR com.apptriggergenerator.listcontrollers.utils.ConfigManager.printException : sun.reflect.NativeConstructorAccessorImpl.newInstance(Unknown Source)
24-abr-2017 09:18:00 ERROR com.apptriggergenerator.listcontrollers.utils.ConfigManager.printException : sun.reflect.DelegatingConstructorAccessorImpl.newInstance(Unknown Source)
24-abr-2017 09:18:00 ERROR com.apptriggergenerator.listcontrollers.utils.ConfigManager.printException : java.lang.reflect.Constructor.newInstance(Unknown Source)
24-abr-2017 09:18:00 ERROR com.apptriggergenerator.listcontrollers.utils.ConfigManager.printException : com.mysql.jdbc.Util.handleNewInstance(Util.java:411)
24-abr-2017 09:18:00 ERROR com.apptriggergenerator.listcontrollers.utils.ConfigManager.printException : com.mysql.jdbc.ConnectionImpl.getInstance(ConnectionImpl.java:381)
24-abr-2017 09:18:00 ERROR com.apptriggergenerator.listcontrollers.utils.ConfigManager.printException : com.mysql.jdbc.NonRegisteringDriver.connect(NonRegisteringDriver.java:305)
24-abr-2017 09:18:00 ERROR com.apptriggergenerator.listcontrollers.utils.ConfigManager.printException : java.sql.DriverManager.getConnection(Unknown Source)
24-abr-2017 09:18:00 ERROR com.apptriggergenerator.listcontrollers.utils.ConfigManager.printException : java.sql.DriverManager.getConnection(Unknown Source)
24-abr-2017 09:18:00 ERROR com.apptriggergenerator.listcontrollers.utils.ConfigManager.printException : com.apptriggergenerator.triggergenerator.utils.clsConexion.Conectar(clsConexion.java:32)
24-abr-2017 09:18:00 ERROR com.apptriggergenerator.listcontrollers.utils.ConfigManager.printException : com.apptriggergenerator.triggergenerator.utils.clsConexion.Consultar(clsConexion.java:74)
24-abr-2017 09:18:00 ERROR com.apptriggergenerator.listcontrollers.utils.ConfigManager.printException : com.apptriggergenerator.triggergenerator.utils.clsBase.Consulta_General(clsBase.java:1008)
24-abr-2017 09:18:00 ERROR com.apptriggergenerator.listcontrollers.utils.ConfigManager.printException : com.apptriggergenerator.triggergenerator.utils.frmMapirisoftGenerator.Cargar_Bases_Datos(frmMapirisoftGenerator.java:162)
24-abr-2017 09:18:00 ERROR com.apptriggergenerator.listcontrollers.utils.ConfigManager.printException : com.apptriggergenerator.triggergenerator.utils.frmMapirisoftGenerator.<init>(frmMapirisoftGenerator.java:142)
24-abr-2017 09:18:00 ERROR com.apptriggergenerator.listcontrollers.utils.ConfigManager.printException : com.apptriggergenerator.triggergenerator.utils.dlgDataBaseConnection.jButton0ActionActionPerformed(dlgDataBaseConnection.java:224)
24-abr-2017 09:18:00 ERROR com.apptriggergenerator.listcontrollers.utils.ConfigManager.printException : com.apptriggergenerator.triggergenerator.utils.dlgDataBaseConnection.access$1(dlgDataBaseConnection.java:220)
24-abr-2017 09:18:00 ERROR com.apptriggergenerator.listcontrollers.utils.ConfigManager.printException : com.apptriggergenerator.triggergenerator.utils.dlgDataBaseConnection$2.actionPerformed(dlgDataBaseConnection.java:200)
24-abr-2017 09:18:00 ERROR com.apptriggergenerator.listcontrollers.utils.ConfigManager.printException : javax.swing.AbstractButton.fireActionPerformed(Unknown Source)
24-abr-2017 09:18:00 ERROR com.apptriggergenerator.listcontrollers.utils.ConfigManager.printException : javax.swing.AbstractButton$Handler.actionPerformed(Unknown Source)
24-abr-2017 09:18:00 ERROR com.apptriggergenerator.listcontrollers.utils.ConfigManager.printException : javax.swing.DefaultButtonModel.fireActionPerformed(Unknown Source)
24-abr-2017 09:18:00 ERROR com.apptriggergenerator.listcontrollers.utils.ConfigManager.printException : javax.swing.DefaultButtonModel.setPressed(Unknown Source)
24-abr-2017 09:18:00 ERROR com.apptriggergenerator.listcontrollers.utils.ConfigManager.printException : javax.swing.plaf.basic.BasicButtonListener.mouseReleased(Unknown Source)
24-abr-2017 09:18:00 ERROR com.apptriggergenerator.listcontrollers.utils.ConfigManager.printException : java.awt.Component.processMouseEvent(Unknown Source)
24-abr-2017 09:18:00 ERROR com.apptriggergenerator.listcontrollers.utils.ConfigManager.printException : javax.swing.JComponent.processMouseEvent(Unknown Source)
24-abr-2017 09:18:00 ERROR com.apptriggergenerator.listcontrollers.utils.ConfigManager.printException : java.awt.Component.processEvent(Unknown Source)
24-abr-2017 09:18:00 ERROR com.apptriggergenerator.listcontrollers.utils.ConfigManager.printException : java.awt.Container.processEvent(Unknown Source)
24-abr-2017 09:18:00 ERROR com.apptriggergenerator.listcontrollers.utils.ConfigManager.printException : java.awt.Component.dispatchEventImpl(Unknown Source)
24-abr-2017 09:18:00 ERROR com.apptriggergenerator.listcontrollers.utils.ConfigManager.printException : java.awt.Container.dispatchEventImpl(Unknown Source)
24-abr-2017 09:18:00 ERROR com.apptriggergenerator.listcontrollers.utils.ConfigManager.printException : java.awt.Component.dispatchEvent(Unknown Source)
24-abr-2017 09:18:00 ERROR com.apptriggergenerator.listcontrollers.utils.ConfigManager.printException : java.awt.LightweightDispatcher.retargetMouseEvent(Unknown Source)
24-abr-2017 09:18:00 ERROR com.apptriggergenerator.listcontrollers.utils.ConfigManager.printException : java.awt.LightweightDispatcher.processMouseEvent(Unknown Source)
24-abr-2017 09:18:00 ERROR com.apptriggergenerator.listcontrollers.utils.ConfigManager.printException : java.awt.LightweightDispatcher.dispatchEvent(Unknown Source)
24-abr-2017 09:18:00 ERROR com.apptriggergenerator.listcontrollers.utils.ConfigManager.printException : java.awt.Container.dispatchEventImpl(Unknown Source)
24-abr-2017 09:18:00 ERROR com.apptriggergenerator.listcontrollers.utils.ConfigManager.printException : java.awt.Window.dispatchEventImpl(Unknown Source)
24-abr-2017 09:18:00 ERROR com.apptriggergenerator.listcontrollers.utils.ConfigManager.printException : java.awt.Component.dispatchEvent(Unknown Source)
24-abr-2017 09:18:00 ERROR com.apptriggergenerator.listcontrollers.utils.ConfigManager.printException : java.awt.EventQueue.dispatchEventImpl(Unknown Source)
24-abr-2017 09:18:00 ERROR com.apptriggergenerator.listcontrollers.utils.ConfigManager.printException : java.awt.EventQueue.access$400(Unknown Source)
24-abr-2017 09:18:00 ERROR com.apptriggergenerator.listcontrollers.utils.ConfigManager.printException : java.awt.EventQueue$2.run(Unknown Source)
24-abr-2017 09:18:00 ERROR com.apptriggergenerator.listcontrollers.utils.ConfigManager.printException : java.awt.EventQueue$2.run(Unknown Source)
24-abr-2017 09:18:00 ERROR com.apptriggergenerator.listcontrollers.utils.ConfigManager.printException : java.security.AccessController.doPrivileged(Native Method)
24-abr-2017 09:18:00 ERROR com.apptriggergenerator.listcontrollers.utils.ConfigManager.printException : java.security.AccessControlContext$1.doIntersectionPrivilege(Unknown Source)
24-abr-2017 09:18:00 ERROR com.apptriggergenerator.listcontrollers.utils.ConfigManager.printException : java.security.AccessControlContext$1.doIntersectionPrivilege(Unknown Source)
24-abr-2017 09:18:00 ERROR com.apptriggergenerator.listcontrollers.utils.ConfigManager.printException : java.awt.EventQueue$3.run(Unknown Source)
24-abr-2017 09:18:00 ERROR com.apptriggergenerator.listcontrollers.utils.ConfigManager.printException : java.awt.EventQueue$3.run(Unknown Source)
24-abr-2017 09:18:00 ERROR com.apptriggergenerator.listcontrollers.utils.ConfigManager.printException : java.security.AccessController.doPrivileged(Native Method)
24-abr-2017 09:18:00 ERROR com.apptriggergenerator.listcontrollers.utils.ConfigManager.printException : java.security.AccessControlContext$1.doIntersectionPrivilege(Unknown Source)
24-abr-2017 09:18:00 ERROR com.apptriggergenerator.listcontrollers.utils.ConfigManager.printException : java.awt.EventQueue.dispatchEvent(Unknown Source)
24-abr-2017 09:18:00 ERROR com.apptriggergenerator.listcontrollers.utils.ConfigManager.printException : java.awt.EventDispatchThread.pumpOneEventForFilters(Unknown Source)
24-abr-2017 09:18:00 ERROR com.apptriggergenerator.listcontrollers.utils.ConfigManager.printException : java.awt.EventDispatchThread.pumpEventsForFilter(Unknown Source)
24-abr-2017 09:18:00 ERROR com.apptriggergenerator.listcontrollers.utils.ConfigManager.printException : java.awt.EventDispatchThread.pumpEventsForHierarchy(Unknown Source)
24-abr-2017 09:18:00 ERROR com.apptriggergenerator.listcontrollers.utils.ConfigManager.printException : java.awt.EventDispatchThread.pumpEvents(Unknown Source)
24-abr-2017 09:18:00 ERROR com.apptriggergenerator.listcontrollers.utils.ConfigManager.printException : java.awt.EventDispatchThread.pumpEvents(Unknown Source)
24-abr-2017 09:18:00 ERROR com.apptriggergenerator.listcontrollers.utils.ConfigManager.printException : java.awt.EventDispatchThread.run(Unknown Source)
24-abr-2017 09:18:00 ERROR com.apptriggergenerator.listcontrollers.utils.ConfigManager.printException : ***********************
24-abr-2017 09:18:00 ERROR com.apptriggergenerator.listcontrollers.utils.ConfigManager.printException : Exception found : null
24-abr-2017 09:18:00 ERROR com.apptriggergenerator.listcontrollers.utils.ConfigManager.printException : Cause : null
24-abr-2017 09:18:00 ERROR com.apptriggergenerator.listcontrollers.utils.ConfigManager.printException : Message : null
24-abr-2017 09:18:00 ERROR com.apptriggergenerator.listcontrollers.utils.ConfigManager.printException : ***********************
24-abr-2017 09:18:00 ERROR com.apptriggergenerator.listcontrollers.utils.ConfigManager.printException : com.apptriggergenerator.triggergenerator.utils.clsConexion.Consultar(clsConexion.java:75)
24-abr-2017 09:18:00 ERROR com.apptriggergenerator.listcontrollers.utils.ConfigManager.printException : com.apptriggergenerator.triggergenerator.utils.clsBase.Consulta_General(clsBase.java:1008)
24-abr-2017 09:18:00 ERROR com.apptriggergenerator.listcontrollers.utils.ConfigManager.printException : com.apptriggergenerator.triggergenerator.utils.frmMapirisoftGenerator.Cargar_Bases_Datos(frmMapirisoftGenerator.java:162)
24-abr-2017 09:18:00 ERROR com.apptriggergenerator.listcontrollers.utils.ConfigManager.printException : com.apptriggergenerator.triggergenerator.utils.frmMapirisoftGenerator.<init>(frmMapirisoftGenerator.java:142)
24-abr-2017 09:18:00 ERROR com.apptriggergenerator.listcontrollers.utils.ConfigManager.printException : com.apptriggergenerator.triggergenerator.utils.dlgDataBaseConnection.jButton0ActionActionPerformed(dlgDataBaseConnection.java:224)
24-abr-2017 09:18:00 ERROR com.apptriggergenerator.listcontrollers.utils.ConfigManager.printException : com.apptriggergenerator.triggergenerator.utils.dlgDataBaseConnection.access$1(dlgDataBaseConnection.java:220)
24-abr-2017 09:18:00 ERROR com.apptriggergenerator.listcontrollers.utils.ConfigManager.printException : com.apptriggergenerator.triggergenerator.utils.dlgDataBaseConnection$2.actionPerformed(dlgDataBaseConnection.java:200)
24-abr-2017 09:18:00 ERROR com.apptriggergenerator.listcontrollers.utils.ConfigManager.printException : javax.swing.AbstractButton.fireActionPerformed(Unknown Source)
24-abr-2017 09:18:00 ERROR com.apptriggergenerator.listcontrollers.utils.ConfigManager.printException : javax.swing.AbstractButton$Handler.actionPerformed(Unknown Source)
24-abr-2017 09:18:00 ERROR com.apptriggergenerator.listcontrollers.utils.ConfigManager.printException : javax.swing.DefaultButtonModel.fireActionPerformed(Unknown Source)
24-abr-2017 09:18:00 ERROR com.apptriggergenerator.listcontrollers.utils.ConfigManager.printException : javax.swing.DefaultButtonModel.setPressed(Unknown Source)
24-abr-2017 09:18:00 ERROR com.apptriggergenerator.listcontrollers.utils.ConfigManager.printException : javax.swing.plaf.basic.BasicButtonListener.mouseReleased(Unknown Source)
24-abr-2017 09:18:00 ERROR com.apptriggergenerator.listcontrollers.utils.ConfigManager.printException : java.awt.Component.processMouseEvent(Unknown Source)
24-abr-2017 09:18:00 ERROR com.apptriggergenerator.listcontrollers.utils.ConfigManager.printException : javax.swing.JComponent.processMouseEvent(Unknown Source)
24-abr-2017 09:18:00 ERROR com.apptriggergenerator.listcontrollers.utils.ConfigManager.printException : java.awt.Component.processEvent(Unknown Source)
24-abr-2017 09:18:00 ERROR com.apptriggergenerator.listcontrollers.utils.ConfigManager.printException : java.awt.Container.processEvent(Unknown Source)
24-abr-2017 09:18:00 ERROR com.apptriggergenerator.listcontrollers.utils.ConfigManager.printException : java.awt.Component.dispatchEventImpl(Unknown Source)
24-abr-2017 09:18:00 ERROR com.apptriggergenerator.listcontrollers.utils.ConfigManager.printException : java.awt.Container.dispatchEventImpl(Unknown Source)
24-abr-2017 09:18:00 ERROR com.apptriggergenerator.listcontrollers.utils.ConfigManager.printException : java.awt.Component.dispatchEvent(Unknown Source)
24-abr-2017 09:18:00 ERROR com.apptriggergenerator.listcontrollers.utils.ConfigManager.printException : java.awt.LightweightDispatcher.retargetMouseEvent(Unknown Source)
24-abr-2017 09:18:00 ERROR com.apptriggergenerator.listcontrollers.utils.ConfigManager.printException : java.awt.LightweightDispatcher.processMouseEvent(Unknown Source)
24-abr-2017 09:18:00 ERROR com.apptriggergenerator.listcontrollers.utils.ConfigManager.printException : java.awt.LightweightDispatcher.dispatchEvent(Unknown Source)
24-abr-2017 09:18:00 ERROR com.apptriggergenerator.listcontrollers.utils.ConfigManager.printException : java.awt.Container.dispatchEventImpl(Unknown Source)
24-abr-2017 09:18:00 ERROR com.apptriggergenerator.listcontrollers.utils.ConfigManager.printException : java.awt.Window.dispatchEventImpl(Unknown Source)
24-abr-2017 09:18:00 ERROR com.apptriggergenerator.listcontrollers.utils.ConfigManager.printException : java.awt.Component.dispatchEvent(Unknown Source)
24-abr-2017 09:18:00 ERROR com.apptriggergenerator.listcontrollers.utils.ConfigManager.printException : java.awt.EventQueue.dispatchEventImpl(Unknown Source)
24-abr-2017 09:18:00 ERROR com.apptriggergenerator.listcontrollers.utils.ConfigManager.printException : java.awt.EventQueue.access$400(Unknown Source)
24-abr-2017 09:18:00 ERROR com.apptriggergenerator.listcontrollers.utils.ConfigManager.printException : java.awt.EventQueue$2.run(Unknown Source)
24-abr-2017 09:18:00 ERROR com.apptriggergenerator.listcontrollers.utils.ConfigManager.printException : java.awt.EventQueue$2.run(Unknown Source)
24-abr-2017 09:18:00 ERROR com.apptriggergenerator.listcontrollers.utils.ConfigManager.printException : java.security.AccessController.doPrivileged(Native Method)
24-abr-2017 09:18:00 ERROR com.apptriggergenerator.listcontrollers.utils.ConfigManager.printException : java.security.AccessControlContext$1.doIntersectionPrivilege(Unknown Source)
24-abr-2017 09:18:00 ERROR com.apptriggergenerator.listcontrollers.utils.ConfigManager.printException : java.security.AccessControlContext$1.doIntersectionPrivilege(Unknown Source)
24-abr-2017 09:18:00 ERROR com.apptriggergenerator.listcontrollers.utils.ConfigManager.printException : java.awt.EventQueue$3.run(Unknown Source)
24-abr-2017 09:18:00 ERROR com.apptriggergenerator.listcontrollers.utils.ConfigManager.printException : java.awt.EventQueue$3.run(Unknown Source)
24-abr-2017 09:18:00 ERROR com.apptriggergenerator.listcontrollers.utils.ConfigManager.printException : java.security.AccessController.doPrivileged(Native Method)
24-abr-2017 09:18:00 ERROR com.apptriggergenerator.listcontrollers.utils.ConfigManager.printException : java.security.AccessControlContext$1.doIntersectionPrivilege(Unknown Source)
24-abr-2017 09:18:00 ERROR com.apptriggergenerator.listcontrollers.utils.ConfigManager.printException : java.awt.EventQueue.dispatchEvent(Unknown Source)
24-abr-2017 09:18:00 ERROR com.apptriggergenerator.listcontrollers.utils.ConfigManager.printException : java.awt.EventDispatchThread.pumpOneEventForFilters(Unknown Source)
24-abr-2017 09:18:00 ERROR com.apptriggergenerator.listcontrollers.utils.ConfigManager.printException : java.awt.EventDispatchThread.pumpEventsForFilter(Unknown Source)
24-abr-2017 09:18:00 ERROR com.apptriggergenerator.listcontrollers.utils.ConfigManager.printException : java.awt.EventDispatchThread.pumpEventsForHierarchy(Unknown Source)
24-abr-2017 09:18:00 ERROR com.apptriggergenerator.listcontrollers.utils.ConfigManager.printException : java.awt.EventDispatchThread.pumpEvents(Unknown Source)
24-abr-2017 09:18:00 ERROR com.apptriggergenerator.listcontrollers.utils.ConfigManager.printException : java.awt.EventDispatchThread.pumpEvents(Unknown Source)
24-abr-2017 09:18:00 ERROR com.apptriggergenerator.listcontrollers.utils.ConfigManager.printException : java.awt.EventDispatchThread.run(Unknown Source)
24-abr-2017 09:18:00 ERROR com.apptriggergenerator.listcontrollers.utils.ConfigManager.printException : ***********************
24-abr-2017 09:18:13 INFO  com.apptriggergenerator.triggergenerator.utils.dlgDataBaseConnection.main : Initializing Application ...
24-abr-2017 09:18:25 INFO  com.apptriggergenerator.triggergenerator.utils.clsConexion.Consultar : select schema_name from schemata
24-abr-2017 09:18:25 INFO  com.apptriggergenerator.triggergenerator.utils.clsConexion.Consultar : select table_name from tables where table_schema = 'information_schema'
24-abr-2017 09:18:25 INFO  com.apptriggergenerator.triggergenerator.utils.clsConexion.Consultar : SELECT c.column_name, CONCAT(LCASE(LEFT(c.column_name,1)),SUBSTRING(c.column_name,2)),
CASE c.is_nullable WHEN 'NO' THEN 'false' ELSE 'true' END nullable, c.data_type, IFNULL(IFNULL(c.CHARACTER_MAXIMUM_LENGTH, c.NUMERIC_PRECISION),0) longitud,
IFNULL(c.numeric_scale,'0'), c.column_key
FROM COLUMNS c WHERE c.table_schema = 'information_schema' AND c.table_name = 'CHARACTER_SETS' ORDER BY c.ORDINAL_POSITION
24-abr-2017 09:18:25 INFO  com.apptriggergenerator.triggergenerator.utils.clsConexion.Consultar : select table_name from tables where table_schema = 'information_schema' and table_name <> 'CHARACTER_SETS'
24-abr-2017 09:18:25 INFO  com.apptriggergenerator.triggergenerator.utils.clsConexion.Consultar : select table_name from tables where table_schema = 'information_schema' and table_name <> 'CHARACTER_SETS'
24-abr-2017 09:18:32 INFO  com.apptriggergenerator.triggergenerator.utils.clsConexion.Consultar : select table_name from tables where table_schema = 'appModuloBasico'
24-abr-2017 09:18:32 INFO  com.apptriggergenerator.triggergenerator.utils.clsConexion.Consultar : SELECT c.column_name, CONCAT(LCASE(LEFT(c.column_name,1)),SUBSTRING(c.column_name,2)),
CASE c.is_nullable WHEN 'NO' THEN 'false' ELSE 'true' END nullable, c.data_type, IFNULL(IFNULL(c.CHARACTER_MAXIMUM_LENGTH, c.NUMERIC_PRECISION),0) longitud,
IFNULL(c.numeric_scale,'0'), c.column_key
FROM COLUMNS c WHERE c.table_schema = 'appModuloBasico' AND c.table_name = 'Extbl_Detalle_Produccion' ORDER BY c.ORDINAL_POSITION
24-abr-2017 09:18:32 INFO  com.apptriggergenerator.triggergenerator.utils.clsConexion.Consultar : select table_name from tables where table_schema = 'appModuloBasico' and table_name <> 'Extbl_Detalle_Produccion'
24-abr-2017 09:18:32 INFO  com.apptriggergenerator.triggergenerator.utils.clsConexion.Consultar : select table_name from tables where table_schema = 'appModuloBasico' and table_name <> 'Extbl_Detalle_Produccion'
24-abr-2017 09:18:33 INFO  com.apptriggergenerator.triggergenerator.utils.clsConexion.Consultar : SELECT iModulo_id, sModulo_nm FROM appModuloBasico.ms_tblModulos WHERE iEstado_fl = '01' AND  iEliminado_fl = '01'
24-abr-2017 09:18:33 INFO  com.apptriggergenerator.triggergenerator.utils.clsConexion.Consultar : SELECT iPrograma_id, sPrograma_nm FROM appModuloBasico.ms_tblProgramas WHERE iTPrograma_fl = '02' AND iModulo_id = null ORDER BY iPrograma_order
24-abr-2017 09:18:33 INFO  com.apptriggergenerator.triggergenerator.utils.clsConexion.Consultar : SELECT IFNULL(MAX(iPrograma_order),0) FROM appModuloBasico.ms_tblProgramas WHERE iTPrograma_fl = '04' AND iModulo_id = null
24-abr-2017 09:18:54 INFO  com.apptriggergenerator.triggergenerator.utils.clsConexion.Consultar : SELECT c.column_name, CONCAT(LCASE(LEFT(c.column_name,1)),SUBSTRING(c.column_name,2)),
CASE c.is_nullable WHEN 'NO' THEN 'false' ELSE 'true' END nullable, c.data_type, IFNULL(IFNULL(c.CHARACTER_MAXIMUM_LENGTH, c.NUMERIC_PRECISION),0) longitud,
IFNULL(c.numeric_scale,'0'), c.column_key
FROM COLUMNS c WHERE c.table_schema = 'appModuloBasico' AND c.table_name = 'Extbl_Transacciones' ORDER BY c.ORDINAL_POSITION
24-abr-2017 09:18:54 INFO  com.apptriggergenerator.triggergenerator.utils.clsConexion.Consultar : select table_name from tables where table_schema = 'appModuloBasico' and table_name <> 'Extbl_Transacciones'
24-abr-2017 09:18:54 INFO  com.apptriggergenerator.triggergenerator.utils.clsConexion.Consultar : SELECT IFNULL(MAX(iPrograma_order),0) FROM appModuloBasico.ms_tblProgramas WHERE iTPrograma_fl = '04' AND iModulo_id = null
24-abr-2017 09:18:54 INFO  com.apptriggergenerator.triggergenerator.utils.clsConexion.Consultar : select table_name from tables where table_schema = 'appModuloBasico' and table_name <> 'Extbl_Transacciones'
24-abr-2017 09:18:54 INFO  com.apptriggergenerator.triggergenerator.utils.clsConexion.Consultar : SELECT IFNULL(MAX(iPrograma_order),0) FROM appModuloBasico.ms_tblProgramas WHERE iTPrograma_fl = '04' AND iModulo_id = null
24-abr-2017 09:20:35 INFO  com.apptriggergenerator.triggergenerator.utils.clsConexion.Consultar : SELECT iPrograma_id, sPrograma_nm FROM appModuloBasico.ms_tblProgramas WHERE iTPrograma_fl = '02' AND iModulo_id = 36 ORDER BY iPrograma_order
24-abr-2017 09:20:35 INFO  com.apptriggergenerator.triggergenerator.utils.clsConexion.Consultar : SELECT IFNULL(MAX(iPrograma_order),0) FROM appModuloBasico.ms_tblProgramas WHERE iTPrograma_fl = '04' AND iModulo_id = 36
24-abr-2017 09:20:50 INFO  com.apptriggergenerator.triggergenerator.utils.clsConexion.Consultar : SELECT IFNULL(MAX(iPrograma_order),0) FROM appModuloBasico.ms_tblProgramas WHERE iTPrograma_fl = '04' AND iModulo_id = 36
24-abr-2017 09:23:01 INFO  com.apptriggergenerator.triggergenerator.utils.clsConexion.Consultar : SELECT c.column_name, CONCAT(LCASE(LEFT(c.column_name,1)),SUBSTRING(c.column_name,2)),
CASE c.is_nullable WHEN 'NO' THEN 'false' ELSE 'true' END nullable, c.data_type, IFNULL(IFNULL(c.CHARACTER_MAXIMUM_LENGTH, c.NUMERIC_PRECISION),0) longitud,
IFNULL(c.numeric_scale,'0'), c.column_key
FROM COLUMNS c WHERE c.table_schema = 'appModuloBasico' AND c.table_name = 'Extbl_Detalle_Transacciones' ORDER BY c.ORDINAL_POSITION
24-abr-2017 09:23:01 INFO  com.apptriggergenerator.triggergenerator.utils.clsConexion.Consultar : select table_name from tables where table_schema = 'appModuloBasico' and table_name <> 'Extbl_Detalle_Transacciones'
24-abr-2017 09:23:01 INFO  com.apptriggergenerator.triggergenerator.utils.clsConexion.Consultar : SELECT IFNULL(MAX(iPrograma_order),0) FROM appModuloBasico.ms_tblProgramas WHERE iTPrograma_fl = '04' AND iModulo_id = 36
24-abr-2017 09:23:01 INFO  com.apptriggergenerator.triggergenerator.utils.clsConexion.Consultar : select table_name from tables where table_schema = 'appModuloBasico' and table_name <> 'Extbl_Detalle_Transacciones'
24-abr-2017 09:23:01 INFO  com.apptriggergenerator.triggergenerator.utils.clsConexion.Consultar : SELECT IFNULL(MAX(iPrograma_order),0) FROM appModuloBasico.ms_tblProgramas WHERE iTPrograma_fl = '04' AND iModulo_id = 36
24-abr-2017 09:23:06 INFO  com.apptriggergenerator.triggergenerator.utils.clsConexion.Consultar : select table_name from tables where table_schema = 'appModuloBasico' and table_name <> 'Extbl_Detalle_Transacciones'
24-abr-2017 09:23:06 INFO  com.apptriggergenerator.triggergenerator.utils.clsConexion.Consultar : SELECT IFNULL(MAX(iPrograma_order),0) FROM appModuloBasico.ms_tblProgramas WHERE iTPrograma_fl = '04' AND iModulo_id = 36
24-abr-2017 09:23:12 INFO  com.apptriggergenerator.triggergenerator.utils.clsConexion.Consultar : SELECT IFNULL(MAX(iPrograma_order),0) FROM appModuloBasico.ms_tblProgramas WHERE iTPrograma_fl = '04' AND iModulo_id = 36
24-abr-2017 09:23:18 INFO  com.apptriggergenerator.triggergenerator.utils.clsConexion.Consultar : SELECT COLUMN_NAME FROM COLUMNS WHERE TABLE_SCHEMA = 'appModuloBasico' AND TABLE_NAME = 'Extbl_Transacciones' AND COLUMN_KEY = 'PRI'
24-abr-2017 09:23:23 INFO  com.apptriggergenerator.triggergenerator.utils.clsConexion.Consultar : SELECT IFNULL(MAX(iPrograma_order),0) FROM appModuloBasico.ms_tblProgramas WHERE iTPrograma_fl = '04' AND iModulo_id = 36
24-abr-2017 09:23:43 INFO  com.apptriggergenerator.triggergenerator.utils.clsConexion.Consultar : SELECT c.column_name, CONCAT(LCASE(LEFT(c.column_name,1)),SUBSTRING(c.column_name,2)),
CASE c.is_nullable WHEN 'NO' THEN 'false' ELSE 'true' END nullable, c.data_type, IFNULL(IFNULL(c.CHARACTER_MAXIMUM_LENGTH, c.NUMERIC_PRECISION),0) longitud,
IFNULL(c.numeric_scale,'0'), c.column_key
FROM COLUMNS c WHERE c.table_schema = 'appModuloBasico' AND c.table_name = 'Extbl_Facturas' ORDER BY c.ORDINAL_POSITION
24-abr-2017 09:23:43 INFO  com.apptriggergenerator.triggergenerator.utils.clsConexion.Consultar : select table_name from tables where table_schema = 'appModuloBasico' and table_name <> 'Extbl_Facturas'
24-abr-2017 09:23:43 INFO  com.apptriggergenerator.triggergenerator.utils.clsConexion.Consultar : select table_name from tables where table_schema = 'appModuloBasico' and table_name <> 'Extbl_Facturas'
24-abr-2017 09:23:45 INFO  com.apptriggergenerator.triggergenerator.utils.clsConexion.Consultar : select table_name from tables where table_schema = 'appModuloBasico' and table_name <> 'Extbl_Facturas'
24-abr-2017 09:23:49 INFO  com.apptriggergenerator.triggergenerator.utils.clsConexion.Consultar : SELECT IFNULL(MAX(iPrograma_order),0) FROM appModuloBasico.ms_tblProgramas WHERE iTPrograma_fl = '04' AND iModulo_id = 36
24-abr-2017 09:24:11 ERROR com.apptriggergenerator.listcontrollers.utils.ConfigManager.printException : Exception found : D:\Mapirisoft\workspace\AppModBasicoWeb\integracion\com\appmodbasicoweb\parametroscontables\controllers\Extbl_Detalle_ProduccionController.java (El sistema no puede encontrar el archivo especificado)
24-abr-2017 09:24:11 ERROR com.apptriggergenerator.listcontrollers.utils.ConfigManager.printException : Cause : null
24-abr-2017 09:24:11 ERROR com.apptriggergenerator.listcontrollers.utils.ConfigManager.printException : Message : D:\Mapirisoft\workspace\AppModBasicoWeb\integracion\com\appmodbasicoweb\parametroscontables\controllers\Extbl_Detalle_ProduccionController.java (El sistema no puede encontrar el archivo especificado)
24-abr-2017 09:24:11 ERROR com.apptriggergenerator.listcontrollers.utils.ConfigManager.printException : ***********************
24-abr-2017 09:24:11 ERROR com.apptriggergenerator.listcontrollers.utils.ConfigManager.printException : java.io.FileInputStream.open(Native Method)
24-abr-2017 09:24:11 ERROR com.apptriggergenerator.listcontrollers.utils.ConfigManager.printException : java.io.FileInputStream.<init>(Unknown Source)
24-abr-2017 09:24:11 ERROR com.apptriggergenerator.listcontrollers.utils.ConfigManager.printException : java.util.Scanner.<init>(Unknown Source)
24-abr-2017 09:24:11 ERROR com.apptriggergenerator.listcontrollers.utils.ConfigManager.printException : com.apptriggergenerator.triggergenerator.utils.EditTextFiles.findSpecificContentOfLine(EditTextFiles.java:339)
24-abr-2017 09:24:11 ERROR com.apptriggergenerator.listcontrollers.utils.ConfigManager.printException : com.apptriggergenerator.triggergenerator.utils.EditTextFiles.searchLineCOntentAndAddToFile(EditTextFiles.java:447)
24-abr-2017 09:24:11 ERROR com.apptriggergenerator.listcontrollers.utils.ConfigManager.printException : com.apptriggergenerator.triggergenerator.utils.frmMapirisoftGenerator.createFile(frmMapirisoftGenerator.java:1461)
24-abr-2017 09:24:11 ERROR com.apptriggergenerator.listcontrollers.utils.ConfigManager.printException : com.apptriggergenerator.triggergenerator.utils.frmMapirisoftGenerator.jButton2ActionActionPerformed(frmMapirisoftGenerator.java:1097)
24-abr-2017 09:24:11 ERROR com.apptriggergenerator.listcontrollers.utils.ConfigManager.printException : com.apptriggergenerator.triggergenerator.utils.frmMapirisoftGenerator.access$17(frmMapirisoftGenerator.java:1093)
24-abr-2017 09:24:11 ERROR com.apptriggergenerator.listcontrollers.utils.ConfigManager.printException : com.apptriggergenerator.triggergenerator.utils.frmMapirisoftGenerator$18.actionPerformed(frmMapirisoftGenerator.java:827)
24-abr-2017 09:24:11 ERROR com.apptriggergenerator.listcontrollers.utils.ConfigManager.printException : javax.swing.AbstractButton.fireActionPerformed(Unknown Source)
24-abr-2017 09:24:11 ERROR com.apptriggergenerator.listcontrollers.utils.ConfigManager.printException : javax.swing.AbstractButton$Handler.actionPerformed(Unknown Source)
24-abr-2017 09:24:11 ERROR com.apptriggergenerator.listcontrollers.utils.ConfigManager.printException : javax.swing.DefaultButtonModel.fireActionPerformed(Unknown Source)
24-abr-2017 09:24:11 ERROR com.apptriggergenerator.listcontrollers.utils.ConfigManager.printException : javax.swing.DefaultButtonModel.setPressed(Unknown Source)
24-abr-2017 09:24:11 ERROR com.apptriggergenerator.listcontrollers.utils.ConfigManager.printException : javax.swing.plaf.basic.BasicButtonListener.mouseReleased(Unknown Source)
24-abr-2017 09:24:11 ERROR com.apptriggergenerator.listcontrollers.utils.ConfigManager.printException : java.awt.Component.processMouseEvent(Unknown Source)
24-abr-2017 09:24:11 ERROR com.apptriggergenerator.listcontrollers.utils.ConfigManager.printException : javax.swing.JComponent.processMouseEvent(Unknown Source)
24-abr-2017 09:24:11 ERROR com.apptriggergenerator.listcontrollers.utils.ConfigManager.printException : java.awt.Component.processEvent(Unknown Source)
24-abr-2017 09:24:11 ERROR com.apptriggergenerator.listcontrollers.utils.ConfigManager.printException : java.awt.Container.processEvent(Unknown Source)
24-abr-2017 09:24:11 ERROR com.apptriggergenerator.listcontrollers.utils.ConfigManager.printException : java.awt.Component.dispatchEventImpl(Unknown Source)
24-abr-2017 09:24:11 ERROR com.apptriggergenerator.listcontrollers.utils.ConfigManager.printException : java.awt.Container.dispatchEventImpl(Unknown Source)
24-abr-2017 09:24:11 ERROR com.apptriggergenerator.listcontrollers.utils.ConfigManager.printException : java.awt.Component.dispatchEvent(Unknown Source)
24-abr-2017 09:24:11 ERROR com.apptriggergenerator.listcontrollers.utils.ConfigManager.printException : java.awt.LightweightDispatcher.retargetMouseEvent(Unknown Source)
24-abr-2017 09:24:11 ERROR com.apptriggergenerator.listcontrollers.utils.ConfigManager.printException : java.awt.LightweightDispatcher.processMouseEvent(Unknown Source)
24-abr-2017 09:24:11 ERROR com.apptriggergenerator.listcontrollers.utils.ConfigManager.printException : java.awt.LightweightDispatcher.dispatchEvent(Unknown Source)
24-abr-2017 09:24:11 ERROR com.apptriggergenerator.listcontrollers.utils.ConfigManager.printException : java.awt.Container.dispatchEventImpl(Unknown Source)
24-abr-2017 09:24:11 ERROR com.apptriggergenerator.listcontrollers.utils.ConfigManager.printException : java.awt.Window.dispatchEventImpl(Unknown Source)
24-abr-2017 09:24:11 ERROR com.apptriggergenerator.listcontrollers.utils.ConfigManager.printException : java.awt.Component.dispatchEvent(Unknown Source)
24-abr-2017 09:24:11 ERROR com.apptriggergenerator.listcontrollers.utils.ConfigManager.printException : java.awt.EventQueue.dispatchEventImpl(Unknown Source)
24-abr-2017 09:24:11 ERROR com.apptriggergenerator.listcontrollers.utils.ConfigManager.printException : java.awt.EventQueue.access$400(Unknown Source)
24-abr-2017 09:24:11 ERROR com.apptriggergenerator.listcontrollers.utils.ConfigManager.printException : java.awt.EventQueue$2.run(Unknown Source)
24-abr-2017 09:24:11 ERROR com.apptriggergenerator.listcontrollers.utils.ConfigManager.printException : java.awt.EventQueue$2.run(Unknown Source)
24-abr-2017 09:24:11 ERROR com.apptriggergenerator.listcontrollers.utils.ConfigManager.printException : java.security.AccessController.doPrivileged(Native Method)
24-abr-2017 09:24:11 ERROR com.apptriggergenerator.listcontrollers.utils.ConfigManager.printException : java.security.AccessControlContext$1.doIntersectionPrivilege(Unknown Source)
24-abr-2017 09:24:11 ERROR com.apptriggergenerator.listcontrollers.utils.ConfigManager.printException : java.security.AccessControlContext$1.doIntersectionPrivilege(Unknown Source)
24-abr-2017 09:24:11 ERROR com.apptriggergenerator.listcontrollers.utils.ConfigManager.printException : java.awt.EventQueue$3.run(Unknown Source)
24-abr-2017 09:24:11 ERROR com.apptriggergenerator.listcontrollers.utils.ConfigManager.printException : java.awt.EventQueue$3.run(Unknown Source)
24-abr-2017 09:24:11 ERROR com.apptriggergenerator.listcontrollers.utils.ConfigManager.printException : java.security.AccessController.doPrivileged(Native Method)
24-abr-2017 09:24:11 ERROR com.apptriggergenerator.listcontrollers.utils.ConfigManager.printException : java.security.AccessControlContext$1.doIntersectionPrivilege(Unknown Source)
24-abr-2017 09:24:11 ERROR com.apptriggergenerator.listcontrollers.utils.ConfigManager.printException : java.awt.EventQueue.dispatchEvent(Unknown Source)
24-abr-2017 09:24:11 ERROR com.apptriggergenerator.listcontrollers.utils.ConfigManager.printException : java.awt.EventDispatchThread.pumpOneEventForFilters(Unknown Source)
24-abr-2017 09:24:11 ERROR com.apptriggergenerator.listcontrollers.utils.ConfigManager.printException : java.awt.EventDispatchThread.pumpEventsForFilter(Unknown Source)
24-abr-2017 09:24:11 ERROR com.apptriggergenerator.listcontrollers.utils.ConfigManager.printException : java.awt.EventDispatchThread.pumpEventsForHierarchy(Unknown Source)
24-abr-2017 09:24:11 ERROR com.apptriggergenerator.listcontrollers.utils.ConfigManager.printException : java.awt.EventDispatchThread.pumpEvents(Unknown Source)
24-abr-2017 09:24:11 ERROR com.apptriggergenerator.listcontrollers.utils.ConfigManager.printException : java.awt.EventDispatchThread.pumpEvents(Unknown Source)
24-abr-2017 09:24:11 ERROR com.apptriggergenerator.listcontrollers.utils.ConfigManager.printException : java.awt.EventDispatchThread.run(Unknown Source)
24-abr-2017 09:24:11 ERROR com.apptriggergenerator.listcontrollers.utils.ConfigManager.printException : ***********************
24-abr-2017 09:24:17 INFO  com.apptriggergenerator.triggergenerator.utils.clsConexion.Consultar : SELECT c.column_name, CONCAT(LCASE(LEFT(c.column_name,1)),SUBSTRING(c.column_name,2)),
CASE c.is_nullable WHEN 'NO' THEN 'false' ELSE 'true' END nullable, c.data_type, IFNULL(IFNULL(c.CHARACTER_MAXIMUM_LENGTH, c.NUMERIC_PRECISION),0) longitud,
IFNULL(c.numeric_scale,'0'), c.column_key
FROM COLUMNS c WHERE c.table_schema = 'appModuloBasico' AND c.table_name = 'Extbl_Formas_Pago_Cobro' ORDER BY c.ORDINAL_POSITION
24-abr-2017 09:24:17 INFO  com.apptriggergenerator.triggergenerator.utils.clsConexion.Consultar : select table_name from tables where table_schema = 'appModuloBasico' and table_name <> 'Extbl_Formas_Pago_Cobro'
24-abr-2017 09:24:17 INFO  com.apptriggergenerator.triggergenerator.utils.clsConexion.Consultar : select table_name from tables where table_schema = 'appModuloBasico' and table_name <> 'Extbl_Formas_Pago_Cobro'
24-abr-2017 09:24:20 INFO  com.apptriggergenerator.triggergenerator.utils.clsConexion.Consultar : select table_name from tables where table_schema = 'appModuloBasico' and table_name <> 'Extbl_Formas_Pago_Cobro'
24-abr-2017 09:24:24 INFO  com.apptriggergenerator.triggergenerator.utils.clsConexion.Consultar : SELECT IFNULL(MAX(iPrograma_order),0) FROM appModuloBasico.ms_tblProgramas WHERE iTPrograma_fl = '04' AND iModulo_id = 36
24-abr-2017 09:24:26 INFO  com.apptriggergenerator.triggergenerator.utils.clsConexion.Consultar : SELECT iPrograma_id, sPrograma_nm FROM appModuloBasico.ms_tblProgramas WHERE iTPrograma_fl = '02' AND iModulo_id = 3 ORDER BY iPrograma_order
24-abr-2017 09:24:29 INFO  com.apptriggergenerator.triggergenerator.utils.clsConexion.Consultar : SELECT iPrograma_id, sPrograma_nm FROM appModuloBasico.ms_tblProgramas WHERE iTPrograma_fl = '02' AND iModulo_id = 36 ORDER BY iPrograma_order
24-abr-2017 09:24:30 INFO  com.apptriggergenerator.triggergenerator.utils.clsConexion.Consultar : SELECT IFNULL(MAX(iPrograma_order),0) FROM appModuloBasico.ms_tblProgramas WHERE iTPrograma_fl = '04' AND iModulo_id = 36
24-abr-2017 09:24:43 ERROR com.apptriggergenerator.listcontrollers.utils.ConfigManager.printException : Exception found : D:\Mapirisoft\workspace\AppModBasicoWeb\integracion\com\appmodbasicoweb\parametroscontables\controllers\Extbl_Detalle_ProduccionController.java (El sistema no puede encontrar el archivo especificado)
24-abr-2017 09:24:43 ERROR com.apptriggergenerator.listcontrollers.utils.ConfigManager.printException : Cause : null
24-abr-2017 09:24:43 ERROR com.apptriggergenerator.listcontrollers.utils.ConfigManager.printException : Message : D:\Mapirisoft\workspace\AppModBasicoWeb\integracion\com\appmodbasicoweb\parametroscontables\controllers\Extbl_Detalle_ProduccionController.java (El sistema no puede encontrar el archivo especificado)
24-abr-2017 09:24:43 ERROR com.apptriggergenerator.listcontrollers.utils.ConfigManager.printException : ***********************
24-abr-2017 09:24:43 ERROR com.apptriggergenerator.listcontrollers.utils.ConfigManager.printException : java.io.FileInputStream.open(Native Method)
24-abr-2017 09:24:43 ERROR com.apptriggergenerator.listcontrollers.utils.ConfigManager.printException : java.io.FileInputStream.<init>(Unknown Source)
24-abr-2017 09:24:43 ERROR com.apptriggergenerator.listcontrollers.utils.ConfigManager.printException : java.util.Scanner.<init>(Unknown Source)
24-abr-2017 09:24:43 ERROR com.apptriggergenerator.listcontrollers.utils.ConfigManager.printException : com.apptriggergenerator.triggergenerator.utils.EditTextFiles.findSpecificContentOfLine(EditTextFiles.java:339)
24-abr-2017 09:24:43 ERROR com.apptriggergenerator.listcontrollers.utils.ConfigManager.printException : com.apptriggergenerator.triggergenerator.utils.EditTextFiles.searchLineCOntentAndAddToFile(EditTextFiles.java:447)
24-abr-2017 09:24:43 ERROR com.apptriggergenerator.listcontrollers.utils.ConfigManager.printException : com.apptriggergenerator.triggergenerator.utils.frmMapirisoftGenerator.createFile(frmMapirisoftGenerator.java:1461)
24-abr-2017 09:24:43 ERROR com.apptriggergenerator.listcontrollers.utils.ConfigManager.printException : com.apptriggergenerator.triggergenerator.utils.frmMapirisoftGenerator.jButton2ActionActionPerformed(frmMapirisoftGenerator.java:1097)
24-abr-2017 09:24:43 ERROR com.apptriggergenerator.listcontrollers.utils.ConfigManager.printException : com.apptriggergenerator.triggergenerator.utils.frmMapirisoftGenerator.access$17(frmMapirisoftGenerator.java:1093)
24-abr-2017 09:24:43 ERROR com.apptriggergenerator.listcontrollers.utils.ConfigManager.printException : com.apptriggergenerator.triggergenerator.utils.frmMapirisoftGenerator$18.actionPerformed(frmMapirisoftGenerator.java:827)
24-abr-2017 09:24:43 ERROR com.apptriggergenerator.listcontrollers.utils.ConfigManager.printException : javax.swing.AbstractButton.fireActionPerformed(Unknown Source)
24-abr-2017 09:24:43 ERROR com.apptriggergenerator.listcontrollers.utils.ConfigManager.printException : javax.swing.AbstractButton$Handler.actionPerformed(Unknown Source)
24-abr-2017 09:24:43 ERROR com.apptriggergenerator.listcontrollers.utils.ConfigManager.printException : javax.swing.DefaultButtonModel.fireActionPerformed(Unknown Source)
24-abr-2017 09:24:43 ERROR com.apptriggergenerator.listcontrollers.utils.ConfigManager.printException : javax.swing.DefaultButtonModel.setPressed(Unknown Source)
24-abr-2017 09:24:43 ERROR com.apptriggergenerator.listcontrollers.utils.ConfigManager.printException : javax.swing.plaf.basic.BasicButtonListener.mouseReleased(Unknown Source)
24-abr-2017 09:24:43 ERROR com.apptriggergenerator.listcontrollers.utils.ConfigManager.printException : java.awt.Component.processMouseEvent(Unknown Source)
24-abr-2017 09:24:43 ERROR com.apptriggergenerator.listcontrollers.utils.ConfigManager.printException : javax.swing.JComponent.processMouseEvent(Unknown Source)
24-abr-2017 09:24:43 ERROR com.apptriggergenerator.listcontrollers.utils.ConfigManager.printException : java.awt.Component.processEvent(Unknown Source)
24-abr-2017 09:24:43 ERROR com.apptriggergenerator.listcontrollers.utils.ConfigManager.printException : java.awt.Container.processEvent(Unknown Source)
24-abr-2017 09:24:43 ERROR com.apptriggergenerator.listcontrollers.utils.ConfigManager.printException : java.awt.Component.dispatchEventImpl(Unknown Source)
24-abr-2017 09:24:43 ERROR com.apptriggergenerator.listcontrollers.utils.ConfigManager.printException : java.awt.Container.dispatchEventImpl(Unknown Source)
24-abr-2017 09:24:43 ERROR com.apptriggergenerator.listcontrollers.utils.ConfigManager.printException : java.awt.Component.dispatchEvent(Unknown Source)
24-abr-2017 09:24:43 ERROR com.apptriggergenerator.listcontrollers.utils.ConfigManager.printException : java.awt.LightweightDispatcher.retargetMouseEvent(Unknown Source)
24-abr-2017 09:24:43 ERROR com.apptriggergenerator.listcontrollers.utils.ConfigManager.printException : java.awt.LightweightDispatcher.processMouseEvent(Unknown Source)
24-abr-2017 09:24:43 ERROR com.apptriggergenerator.listcontrollers.utils.ConfigManager.printException : java.awt.LightweightDispatcher.dispatchEvent(Unknown Source)
24-abr-2017 09:24:43 ERROR com.apptriggergenerator.listcontrollers.utils.ConfigManager.printException : java.awt.Container.dispatchEventImpl(Unknown Source)
24-abr-2017 09:24:43 ERROR com.apptriggergenerator.listcontrollers.utils.ConfigManager.printException : java.awt.Window.dispatchEventImpl(Unknown Source)
24-abr-2017 09:24:43 ERROR com.apptriggergenerator.listcontrollers.utils.ConfigManager.printException : java.awt.Component.dispatchEvent(Unknown Source)
24-abr-2017 09:24:43 ERROR com.apptriggergenerator.listcontrollers.utils.ConfigManager.printException : java.awt.EventQueue.dispatchEventImpl(Unknown Source)
24-abr-2017 09:24:43 ERROR com.apptriggergenerator.listcontrollers.utils.ConfigManager.printException : java.awt.EventQueue.access$400(Unknown Source)
24-abr-2017 09:24:43 ERROR com.apptriggergenerator.listcontrollers.utils.ConfigManager.printException : java.awt.EventQueue$2.run(Unknown Source)
24-abr-2017 09:24:43 ERROR com.apptriggergenerator.listcontrollers.utils.ConfigManager.printException : java.awt.EventQueue$2.run(Unknown Source)
24-abr-2017 09:24:43 ERROR com.apptriggergenerator.listcontrollers.utils.ConfigManager.printException : java.security.AccessController.doPrivileged(Native Method)
24-abr-2017 09:24:43 ERROR com.apptriggergenerator.listcontrollers.utils.ConfigManager.printException : java.security.AccessControlContext$1.doIntersectionPrivilege(Unknown Source)
24-abr-2017 09:24:43 ERROR com.apptriggergenerator.listcontrollers.utils.ConfigManager.printException : java.security.AccessControlContext$1.doIntersectionPrivilege(Unknown Source)
24-abr-2017 09:24:43 ERROR com.apptriggergenerator.listcontrollers.utils.ConfigManager.printException : java.awt.EventQueue$3.run(Unknown Source)
24-abr-2017 09:24:43 ERROR com.apptriggergenerator.listcontrollers.utils.ConfigManager.printException : java.awt.EventQueue$3.run(Unknown Source)
24-abr-2017 09:24:43 ERROR com.apptriggergenerator.listcontrollers.utils.ConfigManager.printException : java.security.AccessController.doPrivileged(Native Method)
24-abr-2017 09:24:43 ERROR com.apptriggergenerator.listcontrollers.utils.ConfigManager.printException : java.security.AccessControlContext$1.doIntersectionPrivilege(Unknown Source)
24-abr-2017 09:24:43 ERROR com.apptriggergenerator.listcontrollers.utils.ConfigManager.printException : java.awt.EventQueue.dispatchEvent(Unknown Source)
24-abr-2017 09:24:43 ERROR com.apptriggergenerator.listcontrollers.utils.ConfigManager.printException : java.awt.EventDispatchThread.pumpOneEventForFilters(Unknown Source)
24-abr-2017 09:24:43 ERROR com.apptriggergenerator.listcontrollers.utils.ConfigManager.printException : java.awt.EventDispatchThread.pumpEventsForFilter(Unknown Source)
24-abr-2017 09:24:43 ERROR com.apptriggergenerator.listcontrollers.utils.ConfigManager.printException : java.awt.EventDispatchThread.pumpEventsForHierarchy(Unknown Source)
24-abr-2017 09:24:43 ERROR com.apptriggergenerator.listcontrollers.utils.ConfigManager.printException : java.awt.EventDispatchThread.pumpEvents(Unknown Source)
24-abr-2017 09:24:43 ERROR com.apptriggergenerator.listcontrollers.utils.ConfigManager.printException : java.awt.EventDispatchThread.pumpEvents(Unknown Source)
24-abr-2017 09:24:43 ERROR com.apptriggergenerator.listcontrollers.utils.ConfigManager.printException : java.awt.EventDispatchThread.run(Unknown Source)
24-abr-2017 09:24:43 ERROR com.apptriggergenerator.listcontrollers.utils.ConfigManager.printException : ***********************
24-abr-2017 09:24:53 INFO  com.apptriggergenerator.triggergenerator.utils.clsConexion.Consultar : SELECT c.column_name, CONCAT(LCASE(LEFT(c.column_name,1)),SUBSTRING(c.column_name,2)),
CASE c.is_nullable WHEN 'NO' THEN 'false' ELSE 'true' END nullable, c.data_type, IFNULL(IFNULL(c.CHARACTER_MAXIMUM_LENGTH, c.NUMERIC_PRECISION),0) longitud,
IFNULL(c.numeric_scale,'0'), c.column_key
FROM COLUMNS c WHERE c.table_schema = 'appModuloBasico' AND c.table_name = 'Extbl_Detalle_Produccion' ORDER BY c.ORDINAL_POSITION
24-abr-2017 09:24:53 INFO  com.apptriggergenerator.triggergenerator.utils.clsConexion.Consultar : select table_name from tables where table_schema = 'appModuloBasico' and table_name <> 'Extbl_Detalle_Produccion'
24-abr-2017 09:24:53 INFO  com.apptriggergenerator.triggergenerator.utils.clsConexion.Consultar : select table_name from tables where table_schema = 'appModuloBasico' and table_name <> 'Extbl_Detalle_Produccion'
24-abr-2017 09:24:56 INFO  com.apptriggergenerator.triggergenerator.utils.clsConexion.Consultar : select table_name from tables where table_schema = 'appModuloBasico' and table_name <> 'Extbl_Detalle_Produccion'
24-abr-2017 09:24:58 INFO  com.apptriggergenerator.triggergenerator.utils.clsConexion.Consultar : SELECT IFNULL(MAX(iPrograma_order),0) FROM appModuloBasico.ms_tblProgramas WHERE iTPrograma_fl = '04' AND iModulo_id = 36
24-abr-2017 09:25:08 INFO  com.apptriggergenerator.triggergenerator.utils.clsConexion.Consultar : SELECT IFNULL(MAX(iPrograma_order),0) FROM appModuloBasico.ms_tblProgramas WHERE iTPrograma_fl = '04' AND iModulo_id = 36
24-abr-2017 09:25:17 INFO  com.apptriggergenerator.triggergenerator.utils.clsConexion.Consultar : SELECT COLUMN_NAME FROM COLUMNS WHERE TABLE_SCHEMA = 'appModuloBasico' AND TABLE_NAME = 'Extbl_Facturas' AND COLUMN_KEY = 'PRI'
24-abr-2017 09:25:45 INFO  com.apptriggergenerator.triggergenerator.utils.clsConexion.Consultar : SELECT IFNULL(MAX(iPrograma_order),0) FROM appModuloBasico.ms_tblProgramas WHERE iTPrograma_fl = '04' AND iModulo_id = 36
24-abr-2017 09:25:49 INFO  com.apptriggergenerator.triggergenerator.utils.clsConexion.Consultar : SELECT iPrograma_id, sPrograma_nm FROM appModuloBasico.ms_tblProgramas WHERE iTPrograma_fl = '02' AND iModulo_id = 36 ORDER BY iPrograma_order
24-abr-2017 09:25:52 INFO  com.apptriggergenerator.triggergenerator.utils.clsConexion.Consultar : SELECT iPrograma_id, sPrograma_nm FROM appModuloBasico.ms_tblProgramas WHERE iTPrograma_fl = '02' AND iModulo_id = 33 ORDER BY iPrograma_order
24-abr-2017 09:25:53 INFO  com.apptriggergenerator.triggergenerator.utils.clsConexion.Consultar : SELECT iPrograma_id, sPrograma_nm FROM appModuloBasico.ms_tblProgramas WHERE iTPrograma_fl = '02' AND iModulo_id = 36 ORDER BY iPrograma_order
24-abr-2017 09:25:57 INFO  com.apptriggergenerator.triggergenerator.utils.clsConexion.Consultar : SELECT IFNULL(MAX(iPrograma_order),0) FROM appModuloBasico.ms_tblProgramas WHERE iTPrograma_fl = '04' AND iModulo_id = 36
