26-abr-2017 10:58:55 INFO  com.apptriggergenerator.triggergenerator.utils.dlgDataBaseConnection.main : Initializing Application ...
26-abr-2017 10:59:11 INFO  com.apptriggergenerator.triggergenerator.utils.clsConexion.Consultar : select schema_name from schemata
26-abr-2017 10:59:11 INFO  com.apptriggergenerator.triggergenerator.utils.clsConexion.Consultar : select table_name from tables where table_schema = 'information_schema'
26-abr-2017 10:59:11 INFO  com.apptriggergenerator.triggergenerator.utils.clsConexion.Consultar : SELECT c.column_name, CONCAT(LCASE(LEFT(c.column_name,1)),SUBSTRING(c.column_name,2)),
CASE c.is_nullable WHEN 'NO' THEN 'false' ELSE 'true' END nullable, c.data_type, IFNULL(IFNULL(c.CHARACTER_MAXIMUM_LENGTH, c.NUMERIC_PRECISION),0) longitud,
IFNULL(c.numeric_scale,'0'), c.column_key
FROM COLUMNS c WHERE c.table_schema = 'information_schema' AND c.table_name = 'CHARACTER_SETS' ORDER BY c.ORDINAL_POSITION
26-abr-2017 10:59:11 INFO  com.apptriggergenerator.triggergenerator.utils.clsConexion.Consultar : select table_name from tables where table_schema = 'information_schema' and table_name <> 'CHARACTER_SETS'
26-abr-2017 10:59:11 INFO  com.apptriggergenerator.triggergenerator.utils.clsConexion.Consultar : select table_name from tables where table_schema = 'information_schema' and table_name <> 'CHARACTER_SETS'
26-abr-2017 10:59:14 INFO  com.apptriggergenerator.triggergenerator.utils.clsConexion.Consultar : select table_name from tables where table_schema = 'appmodulobasico'
26-abr-2017 10:59:14 INFO  com.apptriggergenerator.triggergenerator.utils.clsConexion.Consultar : SELECT c.column_name, CONCAT(LCASE(LEFT(c.column_name,1)),SUBSTRING(c.column_name,2)),
CASE c.is_nullable WHEN 'NO' THEN 'false' ELSE 'true' END nullable, c.data_type, IFNULL(IFNULL(c.CHARACTER_MAXIMUM_LENGTH, c.NUMERIC_PRECISION),0) longitud,
IFNULL(c.numeric_scale,'0'), c.column_key
FROM COLUMNS c WHERE c.table_schema = 'appmodulobasico' AND c.table_name = 'artbl_aestudiantes' ORDER BY c.ORDINAL_POSITION
26-abr-2017 10:59:14 INFO  com.apptriggergenerator.triggergenerator.utils.clsConexion.Consultar : select table_name from tables where table_schema = 'appmodulobasico' and table_name <> 'artbl_aestudiantes'
26-abr-2017 10:59:14 INFO  com.apptriggergenerator.triggergenerator.utils.clsConexion.Consultar : select table_name from tables where table_schema = 'appmodulobasico' and table_name <> 'artbl_aestudiantes'
26-abr-2017 10:59:14 INFO  com.apptriggergenerator.triggergenerator.utils.clsConexion.Consultar : SELECT iModulo_id, sModulo_nm FROM appmodulobasico.ms_tblModulos WHERE iEstado_fl = '01' AND  iEliminado_fl = '01'
26-abr-2017 10:59:14 INFO  com.apptriggergenerator.triggergenerator.utils.clsConexion.Consultar : SELECT iPrograma_id, sPrograma_nm FROM appmodulobasico.ms_tblProgramas WHERE iTPrograma_fl = '02' AND iModulo_id = null ORDER BY iPrograma_order
26-abr-2017 10:59:14 INFO  com.apptriggergenerator.triggergenerator.utils.clsConexion.Consultar : SELECT IFNULL(MAX(iPrograma_order),0) FROM appmodulobasico.ms_tblProgramas WHERE iTPrograma_fl = '04' AND iModulo_id = null
26-abr-2017 10:59:24 INFO  com.apptriggergenerator.triggergenerator.utils.clsConexion.Consultar : SELECT c.column_name, CONCAT(LCASE(LEFT(c.column_name,1)),SUBSTRING(c.column_name,2)),
CASE c.is_nullable WHEN 'NO' THEN 'false' ELSE 'true' END nullable, c.data_type, IFNULL(IFNULL(c.CHARACTER_MAXIMUM_LENGTH, c.NUMERIC_PRECISION),0) longitud,
IFNULL(c.numeric_scale,'0'), c.column_key
FROM COLUMNS c WHERE c.table_schema = 'appmodulobasico' AND c.table_name = 'intbl_dintegracion' ORDER BY c.ORDINAL_POSITION
26-abr-2017 10:59:24 INFO  com.apptriggergenerator.triggergenerator.utils.clsConexion.Consultar : select table_name from tables where table_schema = 'appmodulobasico' and table_name <> 'intbl_dintegracion'
26-abr-2017 10:59:24 INFO  com.apptriggergenerator.triggergenerator.utils.clsConexion.Consultar : SELECT IFNULL(MAX(iPrograma_order),0) FROM appmodulobasico.ms_tblProgramas WHERE iTPrograma_fl = '04' AND iModulo_id = null
26-abr-2017 10:59:24 INFO  com.apptriggergenerator.triggergenerator.utils.clsConexion.Consultar : select table_name from tables where table_schema = 'appmodulobasico' and table_name <> 'intbl_dintegracion'
26-abr-2017 10:59:24 INFO  com.apptriggergenerator.triggergenerator.utils.clsConexion.Consultar : SELECT IFNULL(MAX(iPrograma_order),0) FROM appmodulobasico.ms_tblProgramas WHERE iTPrograma_fl = '04' AND iModulo_id = null
26-abr-2017 10:59:27 INFO  com.apptriggergenerator.triggergenerator.utils.clsConexion.Consultar : SELECT c.column_name, CONCAT(LCASE(LEFT(c.column_name,1)),SUBSTRING(c.column_name,2)),
CASE c.is_nullable WHEN 'NO' THEN 'false' ELSE 'true' END nullable, c.data_type, IFNULL(IFNULL(c.CHARACTER_MAXIMUM_LENGTH, c.NUMERIC_PRECISION),0) longitud,
IFNULL(c.numeric_scale,'0'), c.column_key
FROM COLUMNS c WHERE c.table_schema = 'appmodulobasico' AND c.table_name = 'intbl_integracion' ORDER BY c.ORDINAL_POSITION
26-abr-2017 10:59:27 INFO  com.apptriggergenerator.triggergenerator.utils.clsConexion.Consultar : select table_name from tables where table_schema = 'appmodulobasico' and table_name <> 'intbl_integracion'
26-abr-2017 10:59:27 INFO  com.apptriggergenerator.triggergenerator.utils.clsConexion.Consultar : SELECT IFNULL(MAX(iPrograma_order),0) FROM appmodulobasico.ms_tblProgramas WHERE iTPrograma_fl = '04' AND iModulo_id = null
26-abr-2017 10:59:27 INFO  com.apptriggergenerator.triggergenerator.utils.clsConexion.Consultar : select table_name from tables where table_schema = 'appmodulobasico' and table_name <> 'intbl_integracion'
26-abr-2017 10:59:27 INFO  com.apptriggergenerator.triggergenerator.utils.clsConexion.Consultar : SELECT IFNULL(MAX(iPrograma_order),0) FROM appmodulobasico.ms_tblProgramas WHERE iTPrograma_fl = '04' AND iModulo_id = null
26-abr-2017 10:59:32 INFO  com.apptriggergenerator.triggergenerator.utils.clsConexion.Consultar : SELECT iPrograma_id, sPrograma_nm FROM appmodulobasico.ms_tblProgramas WHERE iTPrograma_fl = '02' AND iModulo_id = 36 ORDER BY iPrograma_order
26-abr-2017 10:59:32 INFO  com.apptriggergenerator.triggergenerator.utils.clsConexion.Consultar : SELECT IFNULL(MAX(iPrograma_order),0) FROM appmodulobasico.ms_tblProgramas WHERE iTPrograma_fl = '04' AND iModulo_id = 36
26-abr-2017 10:59:37 INFO  com.apptriggergenerator.triggergenerator.utils.clsConexion.Consultar : SELECT IFNULL(MAX(iPrograma_order),0) FROM appmodulobasico.ms_tblProgramas WHERE iPrograma_parent = 85
26-abr-2017 10:59:44 INFO  com.apptriggergenerator.triggergenerator.utils.clsConexion.Consultar : SELECT IFNULL(MAX(iPrograma_order),0) FROM appmodulobasico.ms_tblProgramas WHERE iPrograma_parent = 85
26-abr-2017 11:00:24 INFO  com.apptriggergenerator.triggergenerator.utils.clsConexion.Consultar : SELECT c.column_name, CONCAT(LCASE(LEFT(c.column_name,1)),SUBSTRING(c.column_name,2)),
CASE c.is_nullable WHEN 'NO' THEN 'false' ELSE 'true' END nullable, c.data_type, IFNULL(IFNULL(c.CHARACTER_MAXIMUM_LENGTH, c.NUMERIC_PRECISION),0) longitud,
IFNULL(c.numeric_scale,'0'), c.column_key
FROM COLUMNS c WHERE c.table_schema = 'appmodulobasico' AND c.table_name = 'intbl_dintegracion' ORDER BY c.ORDINAL_POSITION
26-abr-2017 11:00:24 INFO  com.apptriggergenerator.triggergenerator.utils.clsConexion.Consultar : select table_name from tables where table_schema = 'appmodulobasico' and table_name <> 'intbl_dintegracion'
26-abr-2017 11:00:24 INFO  com.apptriggergenerator.triggergenerator.utils.clsConexion.Consultar : SELECT IFNULL(MAX(iPrograma_order),0) FROM appmodulobasico.ms_tblProgramas WHERE iPrograma_parent = 85
26-abr-2017 11:00:24 INFO  com.apptriggergenerator.triggergenerator.utils.clsConexion.Consultar : select table_name from tables where table_schema = 'appmodulobasico' and table_name <> 'intbl_dintegracion'
26-abr-2017 11:00:24 INFO  com.apptriggergenerator.triggergenerator.utils.clsConexion.Consultar : SELECT IFNULL(MAX(iPrograma_order),0) FROM appmodulobasico.ms_tblProgramas WHERE iPrograma_parent = 85
26-abr-2017 11:00:26 INFO  com.apptriggergenerator.triggergenerator.utils.clsConexion.Consultar : select table_name from tables where table_schema = 'appmodulobasico' and table_name <> 'intbl_dintegracion'
26-abr-2017 11:00:26 INFO  com.apptriggergenerator.triggergenerator.utils.clsConexion.Consultar : SELECT IFNULL(MAX(iPrograma_order),0) FROM appmodulobasico.ms_tblProgramas WHERE iPrograma_parent = 85
26-abr-2017 11:00:45 INFO  com.apptriggergenerator.triggergenerator.utils.clsConexion.Consultar : SELECT COLUMN_NAME FROM COLUMNS WHERE TABLE_SCHEMA = 'appmodulobasico' AND TABLE_NAME = 'intbl_integracion' AND COLUMN_KEY = 'PRI'
26-abr-2017 11:00:49 INFO  com.apptriggergenerator.triggergenerator.utils.clsConexion.Consultar : SELECT IFNULL(MAX(iPrograma_order),0) FROM appmodulobasico.ms_tblProgramas WHERE iTPrograma_fl = '04' AND iModulo_id = 36
26-abr-2017 11:01:11 INFO  com.apptriggergenerator.triggergenerator.utils.clsConexion.Consultar : SELECT c.column_name, CONCAT(LCASE(LEFT(c.column_name,1)),SUBSTRING(c.column_name,2)),
CASE c.is_nullable WHEN 'NO' THEN 'false' ELSE 'true' END nullable, c.data_type, IFNULL(IFNULL(c.CHARACTER_MAXIMUM_LENGTH, c.NUMERIC_PRECISION),0) longitud,
IFNULL(c.numeric_scale,'0'), c.column_key
FROM COLUMNS c WHERE c.table_schema = 'appmodulobasico' AND c.table_name = 'intbl_dtransacciones' ORDER BY c.ORDINAL_POSITION
26-abr-2017 11:01:11 INFO  com.apptriggergenerator.triggergenerator.utils.clsConexion.Consultar : select table_name from tables where table_schema = 'appmodulobasico' and table_name <> 'intbl_dtransacciones'
26-abr-2017 11:01:11 INFO  com.apptriggergenerator.triggergenerator.utils.clsConexion.Consultar : select table_name from tables where table_schema = 'appmodulobasico' and table_name <> 'intbl_dtransacciones'
26-abr-2017 11:01:20 INFO  com.apptriggergenerator.triggergenerator.utils.clsConexion.Consultar : SELECT IFNULL(MAX(iPrograma_order),0) FROM appmodulobasico.ms_tblProgramas WHERE iTPrograma_fl = '04' AND iModulo_id = 36
26-abr-2017 11:01:22 INFO  com.apptriggergenerator.triggergenerator.utils.clsConexion.Consultar : SELECT iPrograma_id, sPrograma_nm FROM appmodulobasico.ms_tblProgramas WHERE iTPrograma_fl = '02' AND iModulo_id = 3 ORDER BY iPrograma_order
26-abr-2017 11:01:22 INFO  com.apptriggergenerator.triggergenerator.utils.clsConexion.Consultar : SELECT IFNULL(MAX(iPrograma_order),0) FROM appmodulobasico.ms_tblProgramas WHERE iTPrograma_fl = '04' AND iModulo_id = 3
26-abr-2017 11:01:24 INFO  com.apptriggergenerator.triggergenerator.utils.clsConexion.Consultar : SELECT iPrograma_id, sPrograma_nm FROM appmodulobasico.ms_tblProgramas WHERE iTPrograma_fl = '02' AND iModulo_id = 36 ORDER BY iPrograma_order
26-abr-2017 11:01:24 INFO  com.apptriggergenerator.triggergenerator.utils.clsConexion.Consultar : SELECT IFNULL(MAX(iPrograma_order),0) FROM appmodulobasico.ms_tblProgramas WHERE iTPrograma_fl = '04' AND iModulo_id = 36
26-abr-2017 11:01:30 INFO  com.apptriggergenerator.triggergenerator.utils.clsConexion.Consultar : SELECT IFNULL(MAX(iPrograma_order),0) FROM appmodulobasico.ms_tblProgramas WHERE iPrograma_parent = 85
